<?xml version="1.0" encoding="UTF-8"?>
<testsuite xmlns:xsi="http://www.w3.org/2001/XMLSchema-instance" xsi:noNamespaceSchemaLocation="https://maven.apache.org/surefire/maven-surefire-plugin/xsd/surefire-test-report.xsd" version="3.0.2" name="sentiment.models.SVMClassifierTest" time="1.414" tests="34" errors="0" skipped="0" failures="0">
  <properties>
[...]
</properties>
  <testcase name="testClassify_BeforeTraining_ThrowsException" classname="sentiment.models.SVMClassifierTest" time="0.774">
    <system-out><![CDATA[09:24:39.212 [main] INFO sentiment.models.SVMClassifier -- Created SVMClassifier - manages full training pipeline
]]></system-out>
    <system-err><![CDATA[Mockito is currently self-attaching to enable the inline-mock-maker. This will no longer work in future releases of the JDK. Please add Mockito as an agent to your build as described in Mockito's documentation: https://javadoc.io/doc/org.mockito/mockito-core/latest/org/mockito/Mockito.html#0.3
WARNING: A Java agent has been loaded dynamically (/Users/victoriaalabi/.m2/repository/net/bytebuddy/byte-buddy-agent/1.15.11/byte-buddy-agent-1.15.11.jar)
WARNING: If a serviceability tool is in use, please run with -XX:+EnableDynamicAgentLoading to hide this warning
WARNING: If a serviceability tool is not in use, please run with -Djdk.instrument.traceUsage for more information
WARNING: Dynamic loading of agents will be disallowed by default in a future release
]]></system-err>
  </testcase>
  <testcase name="testClassify_HandlesLongText" classname="sentiment.models.SVMClassifierTest" time="0.335">
    <system-out><![CDATA[09:24:39.229 [main] INFO sentiment.models.SVMClassifier -- Created SVMClassifier - manages full training pipeline
09:24:39.244 [main] INFO sentiment.models.SVMClassifier -- Starting TRAINING phase on 50 samples. State: UNINITIALIZED: Component not initialized -> TRAINING
09:24:39.245 [main] INFO sentiment.models.SVMClassifier -- Training SVM on 50 raw datasets with full pipeline
09:24:39.245 [main] INFO sentiment.models.SVMClassifier -- Step 1/3: Fitting preprocessing pipeline
09:24:39.247 [main] INFO sentiment.models.SVMClassifier -- Preprocessor fitted. Vocabulary: 100
09:24:39.247 [main] INFO sentiment.models.SVMClassifier -- Step 2/3: Fitting feature extraction
09:24:39.248 [main] INFO sentiment.models.SVMClassifier -- Converter fitted. Features: 10, Vocabulary: 100
09:24:39.248 [main] INFO sentiment.models.SVMClassifier -- Step 3/3: Training SVM classifier
09:24:39.248 [main] INFO sentiment.models.SVMClassifier -- Dataset: 20 instances, 10 features, 2 classes
09:24:39.255 [main] INFO sentiment.models.SVMClassifier --   positive: 10 (50.0%)
09:24:39.255 [main] INFO sentiment.models.SVMClassifier --   negative: 10 (50.0%)
09:24:39.257 [main] INFO sentiment.models.SVMClassifier -- Hyperparameter tuning DISABLED - using default linear kernel
09:24:39.257 [main] WARN sentiment.models.SVMClassifier -- RECOMMENDATION: Enable hyperparameter tuning for production models
09:24:39.333 [main] INFO sentiment.models.SVMClassifier -- Using default config: C=1.0, Linear Kernel
09:24:39.333 [main] INFO sentiment.models.SVMClassifier -- Training SVM model on 20 instances
09:24:39.558 [main] INFO sentiment.models.SVMClassifier -- SVM model training complete
09:24:39.558 [main] INFO sentiment.models.SVMClassifier -- Training finalized. Model ready. Classes: positive, negative
09:24:39.558 [main] INFO sentiment.models.SVMClassifier -- Pipeline statistics:
09:24:39.558 [main] INFO sentiment.models.SVMClassifier --   - Preprocessor vocabulary: 100 terms
09:24:39.558 [main] INFO sentiment.models.SVMClassifier --   - Converter vocabulary:    100 terms
09:24:39.558 [main] INFO sentiment.models.SVMClassifier --   - Feature selection ratio: 100.0%
09:24:39.558 [main] INFO sentiment.models.SVMClassifier --   - Feature count:           10 features
09:24:39.559 [main] INFO sentiment.models.SVMClassifier --   - Training instances:      0
09:24:39.559 [main] INFO sentiment.models.SVMClassifier -- SVM training complete. Pipeline ready for inference.
09:24:39.559 [main] INFO sentiment.models.SVMClassifier -- TRAINING completed successfully in 314ms. State: TRAINING -> READY. NOW THREAD-SAFE for concurrent inference.
]]></system-out>
    <system-err><![CDATA[Nov 12, 2025 9:24:39 AM com.github.fommil.jni.JniNamer arch
WARNING: unrecognised architecture: aarch64
Nov 12, 2025 9:24:39 AM com.github.fommil.netlib.ARPACK <clinit>
WARNING: Failed to load implementation from: com.github.fommil.netlib.NativeSystemARPACK
Nov 12, 2025 9:24:39 AM com.github.fommil.jni.JniNamer arch
WARNING: unrecognised architecture: aarch64
Nov 12, 2025 9:24:39 AM com.github.fommil.netlib.ARPACK <clinit>
WARNING: Failed to load implementation from: com.github.fommil.netlib.NativeRefARPACK
]]></system-err>
  </testcase>
  <testcase name="testTrain_EmptyDataset_ThrowsException" classname="sentiment.models.SVMClassifierTest" time="0.002">
    <system-out><![CDATA[09:24:39.565 [main] INFO sentiment.models.SVMClassifier -- Created SVMClassifier - manages full training pipeline
]]></system-out>
  </testcase>
  <testcase name="testClassify_AfterTraining_ReturnsLabel" classname="sentiment.models.SVMClassifierTest" time="0.013">
    <system-out><![CDATA[09:24:39.567 [main] INFO sentiment.models.SVMClassifier -- Created SVMClassifier - manages full training pipeline
09:24:39.569 [main] INFO sentiment.models.SVMClassifier -- Starting TRAINING phase on 50 samples. State: UNINITIALIZED: Component not initialized -> TRAINING
09:24:39.569 [main] INFO sentiment.models.SVMClassifier -- Training SVM on 50 raw datasets with full pipeline
09:24:39.569 [main] INFO sentiment.models.SVMClassifier -- Step 1/3: Fitting preprocessing pipeline
09:24:39.569 [main] INFO sentiment.models.SVMClassifier -- Preprocessor fitted. Vocabulary: 100
09:24:39.569 [main] INFO sentiment.models.SVMClassifier -- Step 2/3: Fitting feature extraction
09:24:39.569 [main] INFO sentiment.models.SVMClassifier -- Converter fitted. Features: 10, Vocabulary: 100
09:24:39.569 [main] INFO sentiment.models.SVMClassifier -- Step 3/3: Training SVM classifier
09:24:39.570 [main] INFO sentiment.models.SVMClassifier -- Dataset: 20 instances, 10 features, 2 classes
09:24:39.570 [main] INFO sentiment.models.SVMClassifier --   positive: 10 (50.0%)
09:24:39.570 [main] INFO sentiment.models.SVMClassifier --   negative: 10 (50.0%)
09:24:39.570 [main] INFO sentiment.models.SVMClassifier -- Hyperparameter tuning DISABLED - using default linear kernel
09:24:39.570 [main] WARN sentiment.models.SVMClassifier -- RECOMMENDATION: Enable hyperparameter tuning for production models
09:24:39.574 [main] INFO sentiment.models.SVMClassifier -- Using default config: C=1.0, Linear Kernel
09:24:39.574 [main] INFO sentiment.models.SVMClassifier -- Training SVM model on 20 instances
09:24:39.577 [main] INFO sentiment.models.SVMClassifier -- SVM model training complete
09:24:39.577 [main] INFO sentiment.models.SVMClassifier -- Training finalized. Model ready. Classes: positive, negative
09:24:39.578 [main] INFO sentiment.models.SVMClassifier -- Pipeline statistics:
09:24:39.578 [main] INFO sentiment.models.SVMClassifier --   - Preprocessor vocabulary: 100 terms
09:24:39.578 [main] INFO sentiment.models.SVMClassifier --   - Converter vocabulary:    100 terms
09:24:39.578 [main] INFO sentiment.models.SVMClassifier --   - Feature selection ratio: 100.0%
09:24:39.578 [main] INFO sentiment.models.SVMClassifier --   - Feature count:           10 features
09:24:39.578 [main] INFO sentiment.models.SVMClassifier --   - Training instances:      0
09:24:39.578 [main] INFO sentiment.models.SVMClassifier -- SVM training complete. Pipeline ready for inference.
09:24:39.578 [main] INFO sentiment.models.SVMClassifier -- TRAINING completed successfully in 9ms. State: TRAINING -> READY. NOW THREAD-SAFE for concurrent inference.
]]></system-out>
  </testcase>
  <testcase name="testTrain_UpdatesModelState" classname="sentiment.models.SVMClassifierTest" time="0.01">
    <system-out><![CDATA[09:24:39.581 [main] INFO sentiment.models.SVMClassifier -- Created SVMClassifier - manages full training pipeline
09:24:39.583 [main] INFO sentiment.models.SVMClassifier -- Starting TRAINING phase on 50 samples. State: UNINITIALIZED: Component not initialized -> TRAINING
09:24:39.583 [main] INFO sentiment.models.SVMClassifier -- Training SVM on 50 raw datasets with full pipeline
09:24:39.583 [main] INFO sentiment.models.SVMClassifier -- Step 1/3: Fitting preprocessing pipeline
09:24:39.583 [main] INFO sentiment.models.SVMClassifier -- Preprocessor fitted. Vocabulary: 100
09:24:39.583 [main] INFO sentiment.models.SVMClassifier -- Step 2/3: Fitting feature extraction
09:24:39.583 [main] INFO sentiment.models.SVMClassifier -- Converter fitted. Features: 10, Vocabulary: 100
09:24:39.583 [main] INFO sentiment.models.SVMClassifier -- Step 3/3: Training SVM classifier
09:24:39.583 [main] INFO sentiment.models.SVMClassifier -- Dataset: 20 instances, 10 features, 2 classes
09:24:39.583 [main] INFO sentiment.models.SVMClassifier --   positive: 10 (50.0%)
09:24:39.583 [main] INFO sentiment.models.SVMClassifier --   negative: 10 (50.0%)
09:24:39.583 [main] INFO sentiment.models.SVMClassifier -- Hyperparameter tuning DISABLED - using default linear kernel
09:24:39.583 [main] WARN sentiment.models.SVMClassifier -- RECOMMENDATION: Enable hyperparameter tuning for production models
09:24:39.586 [main] INFO sentiment.models.SVMClassifier -- Using default config: C=1.0, Linear Kernel
09:24:39.586 [main] INFO sentiment.models.SVMClassifier -- Training SVM model on 20 instances
09:24:39.590 [main] INFO sentiment.models.SVMClassifier -- SVM model training complete
09:24:39.590 [main] INFO sentiment.models.SVMClassifier -- Training finalized. Model ready. Classes: positive, negative
09:24:39.590 [main] INFO sentiment.models.SVMClassifier -- Pipeline statistics:
09:24:39.590 [main] INFO sentiment.models.SVMClassifier --   - Preprocessor vocabulary: 100 terms
09:24:39.590 [main] INFO sentiment.models.SVMClassifier --   - Converter vocabulary:    100 terms
09:24:39.590 [main] INFO sentiment.models.SVMClassifier --   - Feature selection ratio: 100.0%
09:24:39.590 [main] INFO sentiment.models.SVMClassifier --   - Feature count:           10 features
09:24:39.590 [main] INFO sentiment.models.SVMClassifier --   - Training instances:      0
09:24:39.590 [main] INFO sentiment.models.SVMClassifier -- SVM training complete. Pipeline ready for inference.
09:24:39.590 [main] INFO sentiment.models.SVMClassifier -- TRAINING completed successfully in 7ms. State: TRAINING -> READY. NOW THREAD-SAFE for concurrent inference.
]]></system-out>
  </testcase>
  <testcase name="testTrain_FitsPipelineComponents" classname="sentiment.models.SVMClassifierTest" time="0.015">
    <system-out><![CDATA[09:24:39.592 [main] INFO sentiment.models.SVMClassifier -- Created SVMClassifier - manages full training pipeline
09:24:39.593 [main] INFO sentiment.models.SVMClassifier -- Starting TRAINING phase on 50 samples. State: UNINITIALIZED: Component not initialized -> TRAINING
09:24:39.593 [main] INFO sentiment.models.SVMClassifier -- Training SVM on 50 raw datasets with full pipeline
09:24:39.593 [main] INFO sentiment.models.SVMClassifier -- Step 1/3: Fitting preprocessing pipeline
09:24:39.594 [main] INFO sentiment.models.SVMClassifier -- Preprocessor fitted. Vocabulary: 100
09:24:39.594 [main] INFO sentiment.models.SVMClassifier -- Step 2/3: Fitting feature extraction
09:24:39.594 [main] INFO sentiment.models.SVMClassifier -- Converter fitted. Features: 10, Vocabulary: 100
09:24:39.594 [main] INFO sentiment.models.SVMClassifier -- Step 3/3: Training SVM classifier
09:24:39.594 [main] INFO sentiment.models.SVMClassifier -- Dataset: 20 instances, 10 features, 2 classes
09:24:39.594 [main] INFO sentiment.models.SVMClassifier --   positive: 10 (50.0%)
09:24:39.594 [main] INFO sentiment.models.SVMClassifier --   negative: 10 (50.0%)
09:24:39.594 [main] INFO sentiment.models.SVMClassifier -- Hyperparameter tuning DISABLED - using default linear kernel
09:24:39.594 [main] WARN sentiment.models.SVMClassifier -- RECOMMENDATION: Enable hyperparameter tuning for production models
09:24:39.597 [main] INFO sentiment.models.SVMClassifier -- Using default config: C=1.0, Linear Kernel
09:24:39.597 [main] INFO sentiment.models.SVMClassifier -- Training SVM model on 20 instances
09:24:39.600 [main] INFO sentiment.models.SVMClassifier -- SVM model training complete
09:24:39.600 [main] INFO sentiment.models.SVMClassifier -- Training finalized. Model ready. Classes: positive, negative
09:24:39.600 [main] INFO sentiment.models.SVMClassifier -- Pipeline statistics:
09:24:39.600 [main] INFO sentiment.models.SVMClassifier --   - Preprocessor vocabulary: 100 terms
09:24:39.600 [main] INFO sentiment.models.SVMClassifier --   - Converter vocabulary:    100 terms
09:24:39.600 [main] INFO sentiment.models.SVMClassifier --   - Feature selection ratio: 100.0%
09:24:39.600 [main] INFO sentiment.models.SVMClassifier --   - Feature count:           10 features
09:24:39.600 [main] INFO sentiment.models.SVMClassifier --   - Training instances:      0
09:24:39.601 [main] INFO sentiment.models.SVMClassifier -- SVM training complete. Pipeline ready for inference.
09:24:39.601 [main] INFO sentiment.models.SVMClassifier -- TRAINING completed successfully in 8ms. State: TRAINING -> READY. NOW THREAD-SAFE for concurrent inference.
]]></system-out>
  </testcase>
  <testcase name="testConcurrentClassification_ThreadSafe" classname="sentiment.models.SVMClassifierTest" time="0.02">
    <system-out><![CDATA[09:24:39.607 [main] INFO sentiment.models.SVMClassifier -- Created SVMClassifier - manages full training pipeline
09:24:39.608 [main] INFO sentiment.models.SVMClassifier -- Starting TRAINING phase on 50 samples. State: UNINITIALIZED: Component not initialized -> TRAINING
09:24:39.608 [main] INFO sentiment.models.SVMClassifier -- Training SVM on 50 raw datasets with full pipeline
09:24:39.608 [main] INFO sentiment.models.SVMClassifier -- Step 1/3: Fitting preprocessing pipeline
09:24:39.609 [main] INFO sentiment.models.SVMClassifier -- Preprocessor fitted. Vocabulary: 100
09:24:39.609 [main] INFO sentiment.models.SVMClassifier -- Step 2/3: Fitting feature extraction
09:24:39.609 [main] INFO sentiment.models.SVMClassifier -- Converter fitted. Features: 10, Vocabulary: 100
09:24:39.609 [main] INFO sentiment.models.SVMClassifier -- Step 3/3: Training SVM classifier
09:24:39.609 [main] INFO sentiment.models.SVMClassifier -- Dataset: 20 instances, 10 features, 2 classes
09:24:39.609 [main] INFO sentiment.models.SVMClassifier --   positive: 10 (50.0%)
09:24:39.609 [main] INFO sentiment.models.SVMClassifier --   negative: 10 (50.0%)
09:24:39.609 [main] INFO sentiment.models.SVMClassifier -- Hyperparameter tuning DISABLED - using default linear kernel
09:24:39.609 [main] WARN sentiment.models.SVMClassifier -- RECOMMENDATION: Enable hyperparameter tuning for production models
09:24:39.612 [main] INFO sentiment.models.SVMClassifier -- Using default config: C=1.0, Linear Kernel
09:24:39.612 [main] INFO sentiment.models.SVMClassifier -- Training SVM model on 20 instances
09:24:39.614 [main] INFO sentiment.models.SVMClassifier -- SVM model training complete
09:24:39.615 [main] INFO sentiment.models.SVMClassifier -- Training finalized. Model ready. Classes: positive, negative
09:24:39.615 [main] INFO sentiment.models.SVMClassifier -- Pipeline statistics:
09:24:39.615 [main] INFO sentiment.models.SVMClassifier --   - Preprocessor vocabulary: 100 terms
09:24:39.615 [main] INFO sentiment.models.SVMClassifier --   - Converter vocabulary:    100 terms
09:24:39.615 [main] INFO sentiment.models.SVMClassifier --   - Feature selection ratio: 100.0%
09:24:39.615 [main] INFO sentiment.models.SVMClassifier --   - Feature count:           10 features
09:24:39.615 [main] INFO sentiment.models.SVMClassifier --   - Training instances:      0
09:24:39.615 [main] INFO sentiment.models.SVMClassifier -- SVM training complete. Pipeline ready for inference.
09:24:39.615 [main] INFO sentiment.models.SVMClassifier -- TRAINING completed successfully in 7ms. State: TRAINING -> READY. NOW THREAD-SAFE for concurrent inference.
09:24:39.617 [pool-2-thread-4] ERROR sentiment.models.SVMClassifier -- Inference failed in state READY: Trained and ready
java.lang.RuntimeException: Queue is empty
	at weka.core.Queue.pop(Queue.java:193)
	at weka.filters.Filter.output(Filter.java:598)
	at weka.classifiers.functions.SMO.distributionForInstance(SMO.java:1457)
	at weka.classifiers.AbstractClassifier.classifyInstance(AbstractClassifier.java:173)
	at sentiment.models.ClassifierTrainingTemplate.lambda$classify$0(ClassifierTrainingTemplate.java:742)
	at sentiment.models.ClassifierTrainingTemplate.executeInference(ClassifierTrainingTemplate.java:177)
	at sentiment.models.ClassifierTrainingTemplate.classify(ClassifierTrainingTemplate.java:735)
	at sentiment.models.SVMClassifierTest.lambda$testConcurrentClassification_ThreadSafe$1(SVMClassifierTest.java:299)
	at java.base/java.util.concurrent.Executors$RunnableAdapter.call(Executors.java:545)
	at java.base/java.util.concurrent.FutureTask.run(FutureTask.java:328)
	at java.base/java.util.concurrent.ThreadPoolExecutor.runWorker(ThreadPoolExecutor.java:1095)
	at java.base/java.util.concurrent.ThreadPoolExecutor$Worker.run(ThreadPoolExecutor.java:619)
	at java.base/java.lang.Thread.run(Thread.java:1447)
09:24:39.624 [pool-2-thread-1] ERROR sentiment.models.SVMClassifier -- Inference failed in state READY: Trained and ready
java.lang.NullPointerException: Cannot invoke "weka.core.Instance.toDoubleArray()" because "instance" is null
	at weka.filters.unsupervised.attribute.Normalize.convertInstance(Normalize.java:377)
	at weka.filters.unsupervised.attribute.Normalize.input(Normalize.java:266)
	at weka.classifiers.functions.SMO.distributionForInstance(SMO.java:1455)
	at weka.classifiers.AbstractClassifier.classifyInstance(AbstractClassifier.java:173)
	at sentiment.models.ClassifierTrainingTemplate.lambda$classify$0(ClassifierTrainingTemplate.java:742)
	at sentiment.models.ClassifierTrainingTemplate.executeInference(ClassifierTrainingTemplate.java:177)
	at sentiment.models.ClassifierTrainingTemplate.classify(ClassifierTrainingTemplate.java:735)
	at sentiment.models.SVMClassifierTest.lambda$testConcurrentClassification_ThreadSafe$1(SVMClassifierTest.java:299)
	at java.base/java.util.concurrent.Executors$RunnableAdapter.call(Executors.java:545)
	at java.base/java.util.concurrent.FutureTask.run(FutureTask.java:328)
	at java.base/java.util.concurrent.ThreadPoolExecutor.runWorker(ThreadPoolExecutor.java:1095)
	at java.base/java.util.concurrent.ThreadPoolExecutor$Worker.run(ThreadPoolExecutor.java:619)
	at java.base/java.lang.Thread.run(Thread.java:1447)
]]></system-out>
  </testcase>
  <testcase name="testGetProbabilities_AfterTraining_ReturnsArray" classname="sentiment.models.SVMClassifierTest" time="0.011">
    <system-out><![CDATA[09:24:39.627 [main] INFO sentiment.models.SVMClassifier -- Created SVMClassifier - manages full training pipeline
09:24:39.628 [main] INFO sentiment.models.SVMClassifier -- Starting TRAINING phase on 50 samples. State: UNINITIALIZED: Component not initialized -> TRAINING
09:24:39.628 [main] INFO sentiment.models.SVMClassifier -- Training SVM on 50 raw datasets with full pipeline
09:24:39.628 [main] INFO sentiment.models.SVMClassifier -- Step 1/3: Fitting preprocessing pipeline
09:24:39.629 [main] INFO sentiment.models.SVMClassifier -- Preprocessor fitted. Vocabulary: 100
09:24:39.629 [main] INFO sentiment.models.SVMClassifier -- Step 2/3: Fitting feature extraction
09:24:39.629 [main] INFO sentiment.models.SVMClassifier -- Converter fitted. Features: 10, Vocabulary: 100
09:24:39.629 [main] INFO sentiment.models.SVMClassifier -- Step 3/3: Training SVM classifier
09:24:39.629 [main] INFO sentiment.models.SVMClassifier -- Dataset: 20 instances, 10 features, 2 classes
09:24:39.629 [main] INFO sentiment.models.SVMClassifier --   positive: 10 (50.0%)
09:24:39.629 [main] INFO sentiment.models.SVMClassifier --   negative: 10 (50.0%)
09:24:39.629 [main] INFO sentiment.models.SVMClassifier -- Hyperparameter tuning DISABLED - using default linear kernel
09:24:39.629 [main] WARN sentiment.models.SVMClassifier -- RECOMMENDATION: Enable hyperparameter tuning for production models
09:24:39.632 [main] INFO sentiment.models.SVMClassifier -- Using default config: C=1.0, Linear Kernel
09:24:39.632 [main] INFO sentiment.models.SVMClassifier -- Training SVM model on 20 instances
09:24:39.634 [main] INFO sentiment.models.SVMClassifier -- SVM model training complete
09:24:39.634 [main] INFO sentiment.models.SVMClassifier -- Training finalized. Model ready. Classes: positive, negative
09:24:39.635 [main] INFO sentiment.models.SVMClassifier -- Pipeline statistics:
09:24:39.635 [main] INFO sentiment.models.SVMClassifier --   - Preprocessor vocabulary: 100 terms
09:24:39.635 [main] INFO sentiment.models.SVMClassifier --   - Converter vocabulary:    100 terms
09:24:39.635 [main] INFO sentiment.models.SVMClassifier --   - Feature selection ratio: 100.0%
09:24:39.635 [main] INFO sentiment.models.SVMClassifier --   - Feature count:           10 features
09:24:39.635 [main] INFO sentiment.models.SVMClassifier --   - Training instances:      0
09:24:39.635 [main] INFO sentiment.models.SVMClassifier -- SVM training complete. Pipeline ready for inference.
09:24:39.635 [main] INFO sentiment.models.SVMClassifier -- TRAINING completed successfully in 7ms. State: TRAINING -> READY. NOW THREAD-SAFE for concurrent inference.
]]></system-out>
  </testcase>
  <testcase name="testClassify_HandlesOnlyPunctuation" classname="sentiment.models.SVMClassifierTest" time="0.01">
    <system-out><![CDATA[09:24:39.642 [main] INFO sentiment.models.SVMClassifier -- Created SVMClassifier - manages full training pipeline
09:24:39.643 [main] INFO sentiment.models.SVMClassifier -- Starting TRAINING phase on 50 samples. State: UNINITIALIZED: Component not initialized -> TRAINING
09:24:39.643 [main] INFO sentiment.models.SVMClassifier -- Training SVM on 50 raw datasets with full pipeline
09:24:39.643 [main] INFO sentiment.models.SVMClassifier -- Step 1/3: Fitting preprocessing pipeline
09:24:39.643 [main] INFO sentiment.models.SVMClassifier -- Preprocessor fitted. Vocabulary: 100
09:24:39.643 [main] INFO sentiment.models.SVMClassifier -- Step 2/3: Fitting feature extraction
09:24:39.643 [main] INFO sentiment.models.SVMClassifier -- Converter fitted. Features: 10, Vocabulary: 100
09:24:39.643 [main] INFO sentiment.models.SVMClassifier -- Step 3/3: Training SVM classifier
09:24:39.643 [main] INFO sentiment.models.SVMClassifier -- Dataset: 20 instances, 10 features, 2 classes
09:24:39.643 [main] INFO sentiment.models.SVMClassifier --   positive: 10 (50.0%)
09:24:39.643 [main] INFO sentiment.models.SVMClassifier --   negative: 10 (50.0%)
09:24:39.643 [main] INFO sentiment.models.SVMClassifier -- Hyperparameter tuning DISABLED - using default linear kernel
09:24:39.643 [main] WARN sentiment.models.SVMClassifier -- RECOMMENDATION: Enable hyperparameter tuning for production models
09:24:39.646 [main] INFO sentiment.models.SVMClassifier -- Using default config: C=1.0, Linear Kernel
09:24:39.646 [main] INFO sentiment.models.SVMClassifier -- Training SVM model on 20 instances
09:24:39.648 [main] INFO sentiment.models.SVMClassifier -- SVM model training complete
09:24:39.649 [main] INFO sentiment.models.SVMClassifier -- Training finalized. Model ready. Classes: positive, negative
09:24:39.649 [main] INFO sentiment.models.SVMClassifier -- Pipeline statistics:
09:24:39.649 [main] INFO sentiment.models.SVMClassifier --   - Preprocessor vocabulary: 100 terms
09:24:39.649 [main] INFO sentiment.models.SVMClassifier --   - Converter vocabulary:    100 terms
09:24:39.649 [main] INFO sentiment.models.SVMClassifier --   - Feature selection ratio: 100.0%
09:24:39.649 [main] INFO sentiment.models.SVMClassifier --   - Feature count:           10 features
09:24:39.649 [main] INFO sentiment.models.SVMClassifier --   - Training instances:      0
09:24:39.649 [main] INFO sentiment.models.SVMClassifier -- SVM training complete. Pipeline ready for inference.
09:24:39.649 [main] INFO sentiment.models.SVMClassifier -- TRAINING completed successfully in 6ms. State: TRAINING -> READY. NOW THREAD-SAFE for concurrent inference.
]]></system-out>
  </testcase>
  <testcase name="testEvaluate_BeforeTraining_ThrowsException" classname="sentiment.models.SVMClassifierTest" time="0.002">
    <system-out><![CDATA[09:24:39.652 [main] INFO sentiment.models.SVMClassifier -- Created SVMClassifier - manages full training pipeline
]]></system-out>
  </testcase>
  <testcase name="testClassify_HandlesRepeatedWords" classname="sentiment.models.SVMClassifierTest" time="0.009">
    <system-out><![CDATA[09:24:39.654 [main] INFO sentiment.models.SVMClassifier -- Created SVMClassifier - manages full training pipeline
09:24:39.655 [main] INFO sentiment.models.SVMClassifier -- Starting TRAINING phase on 50 samples. State: UNINITIALIZED: Component not initialized -> TRAINING
09:24:39.655 [main] INFO sentiment.models.SVMClassifier -- Training SVM on 50 raw datasets with full pipeline
09:24:39.655 [main] INFO sentiment.models.SVMClassifier -- Step 1/3: Fitting preprocessing pipeline
09:24:39.655 [main] INFO sentiment.models.SVMClassifier -- Preprocessor fitted. Vocabulary: 100
09:24:39.655 [main] INFO sentiment.models.SVMClassifier -- Step 2/3: Fitting feature extraction
09:24:39.655 [main] INFO sentiment.models.SVMClassifier -- Converter fitted. Features: 10, Vocabulary: 100
09:24:39.655 [main] INFO sentiment.models.SVMClassifier -- Step 3/3: Training SVM classifier
09:24:39.655 [main] INFO sentiment.models.SVMClassifier -- Dataset: 20 instances, 10 features, 2 classes
09:24:39.655 [main] INFO sentiment.models.SVMClassifier --   positive: 10 (50.0%)
09:24:39.655 [main] INFO sentiment.models.SVMClassifier --   negative: 10 (50.0%)
09:24:39.655 [main] INFO sentiment.models.SVMClassifier -- Hyperparameter tuning DISABLED - using default linear kernel
09:24:39.655 [main] WARN sentiment.models.SVMClassifier -- RECOMMENDATION: Enable hyperparameter tuning for production models
09:24:39.658 [main] INFO sentiment.models.SVMClassifier -- Using default config: C=1.0, Linear Kernel
09:24:39.658 [main] INFO sentiment.models.SVMClassifier -- Training SVM model on 20 instances
09:24:39.660 [main] INFO sentiment.models.SVMClassifier -- SVM model training complete
09:24:39.660 [main] INFO sentiment.models.SVMClassifier -- Training finalized. Model ready. Classes: positive, negative
09:24:39.661 [main] INFO sentiment.models.SVMClassifier -- Pipeline statistics:
09:24:39.661 [main] INFO sentiment.models.SVMClassifier --   - Preprocessor vocabulary: 100 terms
09:24:39.661 [main] INFO sentiment.models.SVMClassifier --   - Converter vocabulary:    100 terms
09:24:39.661 [main] INFO sentiment.models.SVMClassifier --   - Feature selection ratio: 100.0%
09:24:39.661 [main] INFO sentiment.models.SVMClassifier --   - Feature count:           10 features
09:24:39.661 [main] INFO sentiment.models.SVMClassifier --   - Training instances:      0
09:24:39.661 [main] INFO sentiment.models.SVMClassifier -- SVM training complete. Pipeline ready for inference.
09:24:39.661 [main] INFO sentiment.models.SVMClassifier -- TRAINING completed successfully in 6ms. State: TRAINING -> READY. NOW THREAD-SAFE for concurrent inference.
]]></system-out>
  </testcase>
  <testcase name="testGetAlgorithmType_ReturnsSVM" classname="sentiment.models.SVMClassifierTest" time="0.003">
    <system-out><![CDATA[09:24:39.663 [main] INFO sentiment.models.SVMClassifier -- Created SVMClassifier - manages full training pipeline
]]></system-out>
  </testcase>
  <testcase name="testEvaluate_NullTestData_ThrowsException" classname="sentiment.models.SVMClassifierTest" time="0.008">
    <system-out><![CDATA[09:24:39.666 [main] INFO sentiment.models.SVMClassifier -- Created SVMClassifier - manages full training pipeline
09:24:39.667 [main] INFO sentiment.models.SVMClassifier -- Starting TRAINING phase on 50 samples. State: UNINITIALIZED: Component not initialized -> TRAINING
09:24:39.667 [main] INFO sentiment.models.SVMClassifier -- Training SVM on 50 raw datasets with full pipeline
09:24:39.667 [main] INFO sentiment.models.SVMClassifier -- Step 1/3: Fitting preprocessing pipeline
09:24:39.667 [main] INFO sentiment.models.SVMClassifier -- Preprocessor fitted. Vocabulary: 100
09:24:39.667 [main] INFO sentiment.models.SVMClassifier -- Step 2/3: Fitting feature extraction
09:24:39.667 [main] INFO sentiment.models.SVMClassifier -- Converter fitted. Features: 10, Vocabulary: 100
09:24:39.668 [main] INFO sentiment.models.SVMClassifier -- Step 3/3: Training SVM classifier
09:24:39.668 [main] INFO sentiment.models.SVMClassifier -- Dataset: 20 instances, 10 features, 2 classes
09:24:39.668 [main] INFO sentiment.models.SVMClassifier --   positive: 10 (50.0%)
09:24:39.668 [main] INFO sentiment.models.SVMClassifier --   negative: 10 (50.0%)
09:24:39.668 [main] INFO sentiment.models.SVMClassifier -- Hyperparameter tuning DISABLED - using default linear kernel
09:24:39.668 [main] WARN sentiment.models.SVMClassifier -- RECOMMENDATION: Enable hyperparameter tuning for production models
09:24:39.671 [main] INFO sentiment.models.SVMClassifier -- Using default config: C=1.0, Linear Kernel
09:24:39.671 [main] INFO sentiment.models.SVMClassifier -- Training SVM model on 20 instances
09:24:39.672 [main] INFO sentiment.models.SVMClassifier -- SVM model training complete
09:24:39.672 [main] INFO sentiment.models.SVMClassifier -- Training finalized. Model ready. Classes: positive, negative
09:24:39.672 [main] INFO sentiment.models.SVMClassifier -- Pipeline statistics:
09:24:39.672 [main] INFO sentiment.models.SVMClassifier --   - Preprocessor vocabulary: 100 terms
09:24:39.672 [main] INFO sentiment.models.SVMClassifier --   - Converter vocabulary:    100 terms
09:24:39.672 [main] INFO sentiment.models.SVMClassifier --   - Feature selection ratio: 100.0%
09:24:39.672 [main] INFO sentiment.models.SVMClassifier --   - Feature count:           10 features
09:24:39.672 [main] INFO sentiment.models.SVMClassifier --   - Training instances:      0
09:24:39.672 [main] INFO sentiment.models.SVMClassifier -- SVM training complete. Pipeline ready for inference.
09:24:39.672 [main] INFO sentiment.models.SVMClassifier -- TRAINING completed successfully in 5ms. State: TRAINING -> READY. NOW THREAD-SAFE for concurrent inference.
]]></system-out>
  </testcase>
  <testcase name="testGetModelSummary_BeforeTraining_ThrowsException" classname="sentiment.models.SVMClassifierTest" time="0.002">
    <system-out><![CDATA[09:24:39.674 [main] INFO sentiment.models.SVMClassifier -- Created SVMClassifier - manages full training pipeline
]]></system-out>
  </testcase>
  <testcase name="testMetricsEquivalence_OnePassVsTwoPass" classname="sentiment.models.SVMClassifierTest" time="0.017">
    <system-out><![CDATA[09:24:39.676 [main] INFO sentiment.models.SVMClassifier -- Created SVMClassifier - manages full training pipeline
09:24:39.692 [main] INFO sentiment.models.SVMClassifierTest -- ✅ PROOF: One-pass approach produces identical metrics
09:24:39.692 [main] INFO sentiment.models.SVMClassifierTest --   Two-pass accuracy: 45.0
09:24:39.692 [main] INFO sentiment.models.SVMClassifierTest --   One-pass accuracy: 45.0
09:24:39.692 [main] INFO sentiment.models.SVMClassifierTest --   Difference: 0.0
]]></system-out>
  </testcase>
  <testcase name="testGetModelSummary_AfterTraining_ReturnsSummary" classname="sentiment.models.SVMClassifierTest" time="0.008">
    <system-out><![CDATA[09:24:39.694 [main] INFO sentiment.models.SVMClassifier -- Created SVMClassifier - manages full training pipeline
09:24:39.695 [main] INFO sentiment.models.SVMClassifier -- Starting TRAINING phase on 50 samples. State: UNINITIALIZED: Component not initialized -> TRAINING
09:24:39.695 [main] INFO sentiment.models.SVMClassifier -- Training SVM on 50 raw datasets with full pipeline
09:24:39.695 [main] INFO sentiment.models.SVMClassifier -- Step 1/3: Fitting preprocessing pipeline
09:24:39.695 [main] INFO sentiment.models.SVMClassifier -- Preprocessor fitted. Vocabulary: 100
09:24:39.695 [main] INFO sentiment.models.SVMClassifier -- Step 2/3: Fitting feature extraction
09:24:39.695 [main] INFO sentiment.models.SVMClassifier -- Converter fitted. Features: 10, Vocabulary: 100
09:24:39.695 [main] INFO sentiment.models.SVMClassifier -- Step 3/3: Training SVM classifier
09:24:39.696 [main] INFO sentiment.models.SVMClassifier -- Dataset: 20 instances, 10 features, 2 classes
09:24:39.696 [main] INFO sentiment.models.SVMClassifier --   positive: 10 (50.0%)
09:24:39.696 [main] INFO sentiment.models.SVMClassifier --   negative: 10 (50.0%)
09:24:39.696 [main] INFO sentiment.models.SVMClassifier -- Hyperparameter tuning DISABLED - using default linear kernel
09:24:39.696 [main] WARN sentiment.models.SVMClassifier -- RECOMMENDATION: Enable hyperparameter tuning for production models
09:24:39.698 [main] INFO sentiment.models.SVMClassifier -- Using default config: C=1.0, Linear Kernel
09:24:39.699 [main] INFO sentiment.models.SVMClassifier -- Training SVM model on 20 instances
09:24:39.700 [main] INFO sentiment.models.SVMClassifier -- SVM model training complete
09:24:39.700 [main] INFO sentiment.models.SVMClassifier -- Training finalized. Model ready. Classes: positive, negative
09:24:39.701 [main] INFO sentiment.models.SVMClassifier -- Pipeline statistics:
09:24:39.701 [main] INFO sentiment.models.SVMClassifier --   - Preprocessor vocabulary: 100 terms
09:24:39.701 [main] INFO sentiment.models.SVMClassifier --   - Converter vocabulary:    100 terms
09:24:39.701 [main] INFO sentiment.models.SVMClassifier --   - Feature selection ratio: 100.0%
09:24:39.701 [main] INFO sentiment.models.SVMClassifier --   - Feature count:           10 features
09:24:39.701 [main] INFO sentiment.models.SVMClassifier --   - Training instances:      0
09:24:39.701 [main] INFO sentiment.models.SVMClassifier -- SVM training complete. Pipeline ready for inference.
09:24:39.701 [main] INFO sentiment.models.SVMClassifier -- TRAINING completed successfully in 6ms. State: TRAINING -> READY. NOW THREAD-SAFE for concurrent inference.
]]></system-out>
  </testcase>
  <testcase name="testClassify_RejectsEmptyString" classname="sentiment.models.SVMClassifierTest" time="0.008">
    <system-out><![CDATA[09:24:39.703 [main] INFO sentiment.models.SVMClassifier -- Created SVMClassifier - manages full training pipeline
09:24:39.704 [main] INFO sentiment.models.SVMClassifier -- Starting TRAINING phase on 50 samples. State: UNINITIALIZED: Component not initialized -> TRAINING
09:24:39.704 [main] INFO sentiment.models.SVMClassifier -- Training SVM on 50 raw datasets with full pipeline
09:24:39.704 [main] INFO sentiment.models.SVMClassifier -- Step 1/3: Fitting preprocessing pipeline
09:24:39.704 [main] INFO sentiment.models.SVMClassifier -- Preprocessor fitted. Vocabulary: 100
09:24:39.704 [main] INFO sentiment.models.SVMClassifier -- Step 2/3: Fitting feature extraction
09:24:39.704 [main] INFO sentiment.models.SVMClassifier -- Converter fitted. Features: 10, Vocabulary: 100
09:24:39.704 [main] INFO sentiment.models.SVMClassifier -- Step 3/3: Training SVM classifier
09:24:39.705 [main] INFO sentiment.models.SVMClassifier -- Dataset: 20 instances, 10 features, 2 classes
09:24:39.705 [main] INFO sentiment.models.SVMClassifier --   positive: 10 (50.0%)
09:24:39.705 [main] INFO sentiment.models.SVMClassifier --   negative: 10 (50.0%)
09:24:39.705 [main] INFO sentiment.models.SVMClassifier -- Hyperparameter tuning DISABLED - using default linear kernel
09:24:39.705 [main] WARN sentiment.models.SVMClassifier -- RECOMMENDATION: Enable hyperparameter tuning for production models
09:24:39.708 [main] INFO sentiment.models.SVMClassifier -- Using default config: C=1.0, Linear Kernel
09:24:39.708 [main] INFO sentiment.models.SVMClassifier -- Training SVM model on 20 instances
09:24:39.709 [main] INFO sentiment.models.SVMClassifier -- SVM model training complete
09:24:39.709 [main] INFO sentiment.models.SVMClassifier -- Training finalized. Model ready. Classes: positive, negative
09:24:39.709 [main] INFO sentiment.models.SVMClassifier -- Pipeline statistics:
09:24:39.709 [main] INFO sentiment.models.SVMClassifier --   - Preprocessor vocabulary: 100 terms
09:24:39.709 [main] INFO sentiment.models.SVMClassifier --   - Converter vocabulary:    100 terms
09:24:39.709 [main] INFO sentiment.models.SVMClassifier --   - Feature selection ratio: 100.0%
09:24:39.710 [main] INFO sentiment.models.SVMClassifier --   - Feature count:           10 features
09:24:39.710 [main] INFO sentiment.models.SVMClassifier --   - Training instances:      0
09:24:39.710 [main] INFO sentiment.models.SVMClassifier -- SVM training complete. Pipeline ready for inference.
09:24:39.710 [main] INFO sentiment.models.SVMClassifier -- TRAINING completed successfully in 6ms. State: TRAINING -> READY. NOW THREAD-SAFE for concurrent inference.
]]></system-out>
  </testcase>
  <testcase name="testClassify_HandlesMixedSentiment" classname="sentiment.models.SVMClassifierTest" time="0.008">
    <system-out><![CDATA[09:24:39.711 [main] INFO sentiment.models.SVMClassifier -- Created SVMClassifier - manages full training pipeline
09:24:39.712 [main] INFO sentiment.models.SVMClassifier -- Starting TRAINING phase on 50 samples. State: UNINITIALIZED: Component not initialized -> TRAINING
09:24:39.712 [main] INFO sentiment.models.SVMClassifier -- Training SVM on 50 raw datasets with full pipeline
09:24:39.712 [main] INFO sentiment.models.SVMClassifier -- Step 1/3: Fitting preprocessing pipeline
09:24:39.712 [main] INFO sentiment.models.SVMClassifier -- Preprocessor fitted. Vocabulary: 100
09:24:39.712 [main] INFO sentiment.models.SVMClassifier -- Step 2/3: Fitting feature extraction
09:24:39.712 [main] INFO sentiment.models.SVMClassifier -- Converter fitted. Features: 10, Vocabulary: 100
09:24:39.712 [main] INFO sentiment.models.SVMClassifier -- Step 3/3: Training SVM classifier
09:24:39.712 [main] INFO sentiment.models.SVMClassifier -- Dataset: 20 instances, 10 features, 2 classes
09:24:39.712 [main] INFO sentiment.models.SVMClassifier --   positive: 10 (50.0%)
09:24:39.713 [main] INFO sentiment.models.SVMClassifier --   negative: 10 (50.0%)
09:24:39.713 [main] INFO sentiment.models.SVMClassifier -- Hyperparameter tuning DISABLED - using default linear kernel
09:24:39.713 [main] WARN sentiment.models.SVMClassifier -- RECOMMENDATION: Enable hyperparameter tuning for production models
09:24:39.716 [main] INFO sentiment.models.SVMClassifier -- Using default config: C=1.0, Linear Kernel
09:24:39.716 [main] INFO sentiment.models.SVMClassifier -- Training SVM model on 20 instances
09:24:39.718 [main] INFO sentiment.models.SVMClassifier -- SVM model training complete
09:24:39.718 [main] INFO sentiment.models.SVMClassifier -- Training finalized. Model ready. Classes: positive, negative
09:24:39.718 [main] INFO sentiment.models.SVMClassifier -- Pipeline statistics:
09:24:39.718 [main] INFO sentiment.models.SVMClassifier --   - Preprocessor vocabulary: 100 terms
09:24:39.718 [main] INFO sentiment.models.SVMClassifier --   - Converter vocabulary:    100 terms
09:24:39.718 [main] INFO sentiment.models.SVMClassifier --   - Feature selection ratio: 100.0%
09:24:39.718 [main] INFO sentiment.models.SVMClassifier --   - Feature count:           10 features
09:24:39.718 [main] INFO sentiment.models.SVMClassifier --   - Training instances:      0
09:24:39.718 [main] INFO sentiment.models.SVMClassifier -- SVM training complete. Pipeline ready for inference.
09:24:39.718 [main] INFO sentiment.models.SVMClassifier -- TRAINING completed successfully in 6ms. State: TRAINING -> READY. NOW THREAD-SAFE for concurrent inference.
]]></system-out>
  </testcase>
  <testcase name="testClassify_HandlesCompleteOOV" classname="sentiment.models.SVMClassifierTest" time="0.009">
    <system-out><![CDATA[09:24:39.721 [main] INFO sentiment.models.SVMClassifier -- Created SVMClassifier - manages full training pipeline
09:24:39.721 [main] INFO sentiment.models.SVMClassifier -- Starting TRAINING phase on 50 samples. State: UNINITIALIZED: Component not initialized -> TRAINING
09:24:39.721 [main] INFO sentiment.models.SVMClassifier -- Training SVM on 50 raw datasets with full pipeline
09:24:39.721 [main] INFO sentiment.models.SVMClassifier -- Step 1/3: Fitting preprocessing pipeline
09:24:39.722 [main] INFO sentiment.models.SVMClassifier -- Preprocessor fitted. Vocabulary: 100
09:24:39.722 [main] INFO sentiment.models.SVMClassifier -- Step 2/3: Fitting feature extraction
09:24:39.722 [main] INFO sentiment.models.SVMClassifier -- Converter fitted. Features: 10, Vocabulary: 100
09:24:39.722 [main] INFO sentiment.models.SVMClassifier -- Step 3/3: Training SVM classifier
09:24:39.722 [main] INFO sentiment.models.SVMClassifier -- Dataset: 20 instances, 10 features, 2 classes
09:24:39.722 [main] INFO sentiment.models.SVMClassifier --   positive: 10 (50.0%)
09:24:39.722 [main] INFO sentiment.models.SVMClassifier --   negative: 10 (50.0%)
09:24:39.722 [main] INFO sentiment.models.SVMClassifier -- Hyperparameter tuning DISABLED - using default linear kernel
09:24:39.722 [main] WARN sentiment.models.SVMClassifier -- RECOMMENDATION: Enable hyperparameter tuning for production models
09:24:39.725 [main] INFO sentiment.models.SVMClassifier -- Using default config: C=1.0, Linear Kernel
09:24:39.725 [main] INFO sentiment.models.SVMClassifier -- Training SVM model on 20 instances
09:24:39.727 [main] INFO sentiment.models.SVMClassifier -- SVM model training complete
09:24:39.727 [main] INFO sentiment.models.SVMClassifier -- Training finalized. Model ready. Classes: positive, negative
09:24:39.728 [main] INFO sentiment.models.SVMClassifier -- Pipeline statistics:
09:24:39.728 [main] INFO sentiment.models.SVMClassifier --   - Preprocessor vocabulary: 100 terms
09:24:39.728 [main] INFO sentiment.models.SVMClassifier --   - Converter vocabulary:    100 terms
09:24:39.728 [main] INFO sentiment.models.SVMClassifier --   - Feature selection ratio: 100.0%
09:24:39.728 [main] INFO sentiment.models.SVMClassifier --   - Feature count:           10 features
09:24:39.728 [main] INFO sentiment.models.SVMClassifier --   - Training instances:      0
09:24:39.728 [main] INFO sentiment.models.SVMClassifier -- SVM training complete. Pipeline ready for inference.
09:24:39.728 [main] INFO sentiment.models.SVMClassifier -- TRAINING completed successfully in 7ms. State: TRAINING -> READY. NOW THREAD-SAFE for concurrent inference.
]]></system-out>
  </testcase>
  <testcase name="testGetProbabilities_BeforeTraining_ThrowsException" classname="sentiment.models.SVMClassifierTest" time="0.001">
    <system-out><![CDATA[09:24:39.730 [main] INFO sentiment.models.SVMClassifier -- Created SVMClassifier - manages full training pipeline
]]></system-out>
  </testcase>
  <testcase name="testGetSupportedClasses_BeforeTraining_ThrowsException" classname="sentiment.models.SVMClassifierTest" time="0.001">
    <system-out><![CDATA[09:24:39.731 [main] INFO sentiment.models.SVMClassifier -- Created SVMClassifier - manages full training pipeline
]]></system-out>
  </testcase>
  <testcase name="testEvaluate_EmptyTestData_ThrowsException" classname="sentiment.models.SVMClassifierTest" time="0.008">
    <system-out><![CDATA[09:24:39.732 [main] INFO sentiment.models.SVMClassifier -- Created SVMClassifier - manages full training pipeline
09:24:39.733 [main] INFO sentiment.models.SVMClassifier -- Starting TRAINING phase on 50 samples. State: UNINITIALIZED: Component not initialized -> TRAINING
09:24:39.733 [main] INFO sentiment.models.SVMClassifier -- Training SVM on 50 raw datasets with full pipeline
09:24:39.733 [main] INFO sentiment.models.SVMClassifier -- Step 1/3: Fitting preprocessing pipeline
09:24:39.733 [main] INFO sentiment.models.SVMClassifier -- Preprocessor fitted. Vocabulary: 100
09:24:39.733 [main] INFO sentiment.models.SVMClassifier -- Step 2/3: Fitting feature extraction
09:24:39.733 [main] INFO sentiment.models.SVMClassifier -- Converter fitted. Features: 10, Vocabulary: 100
09:24:39.733 [main] INFO sentiment.models.SVMClassifier -- Step 3/3: Training SVM classifier
09:24:39.733 [main] INFO sentiment.models.SVMClassifier -- Dataset: 20 instances, 10 features, 2 classes
09:24:39.734 [main] INFO sentiment.models.SVMClassifier --   positive: 10 (50.0%)
09:24:39.734 [main] INFO sentiment.models.SVMClassifier --   negative: 10 (50.0%)
09:24:39.734 [main] INFO sentiment.models.SVMClassifier -- Hyperparameter tuning DISABLED - using default linear kernel
09:24:39.734 [main] WARN sentiment.models.SVMClassifier -- RECOMMENDATION: Enable hyperparameter tuning for production models
09:24:39.736 [main] INFO sentiment.models.SVMClassifier -- Using default config: C=1.0, Linear Kernel
09:24:39.736 [main] INFO sentiment.models.SVMClassifier -- Training SVM model on 20 instances
09:24:39.739 [main] INFO sentiment.models.SVMClassifier -- SVM model training complete
09:24:39.739 [main] INFO sentiment.models.SVMClassifier -- Training finalized. Model ready. Classes: positive, negative
09:24:39.739 [main] INFO sentiment.models.SVMClassifier -- Pipeline statistics:
09:24:39.739 [main] INFO sentiment.models.SVMClassifier --   - Preprocessor vocabulary: 100 terms
09:24:39.739 [main] INFO sentiment.models.SVMClassifier --   - Converter vocabulary:    100 terms
09:24:39.739 [main] INFO sentiment.models.SVMClassifier --   - Feature selection ratio: 100.0%
09:24:39.739 [main] INFO sentiment.models.SVMClassifier --   - Feature count:           10 features
09:24:39.739 [main] INFO sentiment.models.SVMClassifier --   - Training instances:      0
09:24:39.739 [main] INFO sentiment.models.SVMClassifier -- SVM training complete. Pipeline ready for inference.
09:24:39.739 [main] INFO sentiment.models.SVMClassifier -- TRAINING completed successfully in 6ms. State: TRAINING -> READY. NOW THREAD-SAFE for concurrent inference.
]]></system-out>
  </testcase>
  <testcase name="testIsTrained_InitiallyFalse" classname="sentiment.models.SVMClassifierTest" time="0.001">
    <system-out><![CDATA[09:24:39.741 [main] INFO sentiment.models.SVMClassifier -- Created SVMClassifier - manages full training pipeline
]]></system-out>
  </testcase>
  <testcase name="testClassify_EmptyText_ThrowsException" classname="sentiment.models.SVMClassifierTest" time="0.008">
    <system-out><![CDATA[09:24:39.742 [main] INFO sentiment.models.SVMClassifier -- Created SVMClassifier - manages full training pipeline
09:24:39.742 [main] INFO sentiment.models.SVMClassifier -- Starting TRAINING phase on 50 samples. State: UNINITIALIZED: Component not initialized -> TRAINING
09:24:39.743 [main] INFO sentiment.models.SVMClassifier -- Training SVM on 50 raw datasets with full pipeline
09:24:39.743 [main] INFO sentiment.models.SVMClassifier -- Step 1/3: Fitting preprocessing pipeline
09:24:39.743 [main] INFO sentiment.models.SVMClassifier -- Preprocessor fitted. Vocabulary: 100
09:24:39.743 [main] INFO sentiment.models.SVMClassifier -- Step 2/3: Fitting feature extraction
09:24:39.743 [main] INFO sentiment.models.SVMClassifier -- Converter fitted. Features: 10, Vocabulary: 100
09:24:39.743 [main] INFO sentiment.models.SVMClassifier -- Step 3/3: Training SVM classifier
09:24:39.743 [main] INFO sentiment.models.SVMClassifier -- Dataset: 20 instances, 10 features, 2 classes
09:24:39.743 [main] INFO sentiment.models.SVMClassifier --   positive: 10 (50.0%)
09:24:39.743 [main] INFO sentiment.models.SVMClassifier --   negative: 10 (50.0%)
09:24:39.743 [main] INFO sentiment.models.SVMClassifier -- Hyperparameter tuning DISABLED - using default linear kernel
09:24:39.743 [main] WARN sentiment.models.SVMClassifier -- RECOMMENDATION: Enable hyperparameter tuning for production models
09:24:39.746 [main] INFO sentiment.models.SVMClassifier -- Using default config: C=1.0, Linear Kernel
09:24:39.746 [main] INFO sentiment.models.SVMClassifier -- Training SVM model on 20 instances
09:24:39.748 [main] INFO sentiment.models.SVMClassifier -- SVM model training complete
09:24:39.748 [main] INFO sentiment.models.SVMClassifier -- Training finalized. Model ready. Classes: positive, negative
09:24:39.749 [main] INFO sentiment.models.SVMClassifier -- Pipeline statistics:
09:24:39.749 [main] INFO sentiment.models.SVMClassifier --   - Preprocessor vocabulary: 100 terms
09:24:39.749 [main] INFO sentiment.models.SVMClassifier --   - Converter vocabulary:    100 terms
09:24:39.749 [main] INFO sentiment.models.SVMClassifier --   - Feature selection ratio: 100.0%
09:24:39.749 [main] INFO sentiment.models.SVMClassifier --   - Feature count:           10 features
09:24:39.749 [main] INFO sentiment.models.SVMClassifier --   - Training instances:      0
09:24:39.749 [main] INFO sentiment.models.SVMClassifier -- SVM training complete. Pipeline ready for inference.
09:24:39.749 [main] INFO sentiment.models.SVMClassifier -- TRAINING completed successfully in 6ms. State: TRAINING -> READY. NOW THREAD-SAFE for concurrent inference.
]]></system-out>
  </testcase>
  <testcase name="testTrain_NullDataset_ThrowsException" classname="sentiment.models.SVMClassifierTest" time="0.002">
    <system-out><![CDATA[09:24:39.751 [main] INFO sentiment.models.SVMClassifier -- Created SVMClassifier - manages full training pipeline
]]></system-out>
  </testcase>
  <testcase name="testClassify_NullText_ThrowsException" classname="sentiment.models.SVMClassifierTest" time="0.007">
    <system-out><![CDATA[09:24:39.752 [main] INFO sentiment.models.SVMClassifier -- Created SVMClassifier - manages full training pipeline
09:24:39.753 [main] INFO sentiment.models.SVMClassifier -- Starting TRAINING phase on 50 samples. State: UNINITIALIZED: Component not initialized -> TRAINING
09:24:39.753 [main] INFO sentiment.models.SVMClassifier -- Training SVM on 50 raw datasets with full pipeline
09:24:39.753 [main] INFO sentiment.models.SVMClassifier -- Step 1/3: Fitting preprocessing pipeline
09:24:39.753 [main] INFO sentiment.models.SVMClassifier -- Preprocessor fitted. Vocabulary: 100
09:24:39.753 [main] INFO sentiment.models.SVMClassifier -- Step 2/3: Fitting feature extraction
09:24:39.753 [main] INFO sentiment.models.SVMClassifier -- Converter fitted. Features: 10, Vocabulary: 100
09:24:39.753 [main] INFO sentiment.models.SVMClassifier -- Step 3/3: Training SVM classifier
09:24:39.753 [main] INFO sentiment.models.SVMClassifier -- Dataset: 20 instances, 10 features, 2 classes
09:24:39.753 [main] INFO sentiment.models.SVMClassifier --   positive: 10 (50.0%)
09:24:39.753 [main] INFO sentiment.models.SVMClassifier --   negative: 10 (50.0%)
09:24:39.753 [main] INFO sentiment.models.SVMClassifier -- Hyperparameter tuning DISABLED - using default linear kernel
09:24:39.753 [main] WARN sentiment.models.SVMClassifier -- RECOMMENDATION: Enable hyperparameter tuning for production models
09:24:39.756 [main] INFO sentiment.models.SVMClassifier -- Using default config: C=1.0, Linear Kernel
09:24:39.756 [main] INFO sentiment.models.SVMClassifier -- Training SVM model on 20 instances
09:24:39.759 [main] INFO sentiment.models.SVMClassifier -- SVM model training complete
09:24:39.759 [main] INFO sentiment.models.SVMClassifier -- Training finalized. Model ready. Classes: positive, negative
09:24:39.759 [main] INFO sentiment.models.SVMClassifier -- Pipeline statistics:
09:24:39.759 [main] INFO sentiment.models.SVMClassifier --   - Preprocessor vocabulary: 100 terms
09:24:39.759 [main] INFO sentiment.models.SVMClassifier --   - Converter vocabulary:    100 terms
09:24:39.759 [main] INFO sentiment.models.SVMClassifier --   - Feature selection ratio: 100.0%
09:24:39.759 [main] INFO sentiment.models.SVMClassifier --   - Feature count:           10 features
09:24:39.759 [main] INFO sentiment.models.SVMClassifier --   - Training instances:      0
09:24:39.759 [main] INFO sentiment.models.SVMClassifier -- SVM training complete. Pipeline ready for inference.
09:24:39.759 [main] INFO sentiment.models.SVMClassifier -- TRAINING completed successfully in 6ms. State: TRAINING -> READY. NOW THREAD-SAFE for concurrent inference.
]]></system-out>
  </testcase>
  <testcase name="testConstructor_NullPreprocessor_ThrowsException" classname="sentiment.models.SVMClassifierTest" time="0.001">
    <system-out><![CDATA[09:24:39.761 [main] INFO sentiment.models.SVMClassifier -- Created SVMClassifier - manages full training pipeline
]]></system-out>
  </testcase>
  <testcase name="testClassify_HandlesUnicode" classname="sentiment.models.SVMClassifierTest" time="0.008">
    <system-out><![CDATA[09:24:39.762 [main] INFO sentiment.models.SVMClassifier -- Created SVMClassifier - manages full training pipeline
09:24:39.762 [main] INFO sentiment.models.SVMClassifier -- Starting TRAINING phase on 50 samples. State: UNINITIALIZED: Component not initialized -> TRAINING
09:24:39.763 [main] INFO sentiment.models.SVMClassifier -- Training SVM on 50 raw datasets with full pipeline
09:24:39.763 [main] INFO sentiment.models.SVMClassifier -- Step 1/3: Fitting preprocessing pipeline
09:24:39.763 [main] INFO sentiment.models.SVMClassifier -- Preprocessor fitted. Vocabulary: 100
09:24:39.763 [main] INFO sentiment.models.SVMClassifier -- Step 2/3: Fitting feature extraction
09:24:39.763 [main] INFO sentiment.models.SVMClassifier -- Converter fitted. Features: 10, Vocabulary: 100
09:24:39.763 [main] INFO sentiment.models.SVMClassifier -- Step 3/3: Training SVM classifier
09:24:39.763 [main] INFO sentiment.models.SVMClassifier -- Dataset: 20 instances, 10 features, 2 classes
09:24:39.763 [main] INFO sentiment.models.SVMClassifier --   positive: 10 (50.0%)
09:24:39.763 [main] INFO sentiment.models.SVMClassifier --   negative: 10 (50.0%)
09:24:39.763 [main] INFO sentiment.models.SVMClassifier -- Hyperparameter tuning DISABLED - using default linear kernel
09:24:39.763 [main] WARN sentiment.models.SVMClassifier -- RECOMMENDATION: Enable hyperparameter tuning for production models
09:24:39.766 [main] INFO sentiment.models.SVMClassifier -- Using default config: C=1.0, Linear Kernel
09:24:39.766 [main] INFO sentiment.models.SVMClassifier -- Training SVM model on 20 instances
09:24:39.768 [main] INFO sentiment.models.SVMClassifier -- SVM model training complete
09:24:39.768 [main] INFO sentiment.models.SVMClassifier -- Training finalized. Model ready. Classes: positive, negative
09:24:39.768 [main] INFO sentiment.models.SVMClassifier -- Pipeline statistics:
09:24:39.768 [main] INFO sentiment.models.SVMClassifier --   - Preprocessor vocabulary: 100 terms
09:24:39.768 [main] INFO sentiment.models.SVMClassifier --   - Converter vocabulary:    100 terms
09:24:39.768 [main] INFO sentiment.models.SVMClassifier --   - Feature selection ratio: 100.0%
09:24:39.768 [main] INFO sentiment.models.SVMClassifier --   - Feature count:           10 features
09:24:39.768 [main] INFO sentiment.models.SVMClassifier --   - Training instances:      0
09:24:39.768 [main] INFO sentiment.models.SVMClassifier -- SVM training complete. Pipeline ready for inference.
09:24:39.768 [main] INFO sentiment.models.SVMClassifier -- TRAINING completed successfully in 5ms. State: TRAINING -> READY. NOW THREAD-SAFE for concurrent inference.
]]></system-out>
  </testcase>
  <testcase name="testClassify_HandlesSingleCharacter" classname="sentiment.models.SVMClassifierTest" time="0.008">
    <system-out><![CDATA[09:24:39.770 [main] INFO sentiment.models.SVMClassifier -- Created SVMClassifier - manages full training pipeline
09:24:39.771 [main] INFO sentiment.models.SVMClassifier -- Starting TRAINING phase on 50 samples. State: UNINITIALIZED: Component not initialized -> TRAINING
09:24:39.771 [main] INFO sentiment.models.SVMClassifier -- Training SVM on 50 raw datasets with full pipeline
09:24:39.771 [main] INFO sentiment.models.SVMClassifier -- Step 1/3: Fitting preprocessing pipeline
09:24:39.771 [main] INFO sentiment.models.SVMClassifier -- Preprocessor fitted. Vocabulary: 100
09:24:39.771 [main] INFO sentiment.models.SVMClassifier -- Step 2/3: Fitting feature extraction
09:24:39.771 [main] INFO sentiment.models.SVMClassifier -- Converter fitted. Features: 10, Vocabulary: 100
09:24:39.771 [main] INFO sentiment.models.SVMClassifier -- Step 3/3: Training SVM classifier
09:24:39.771 [main] INFO sentiment.models.SVMClassifier -- Dataset: 20 instances, 10 features, 2 classes
09:24:39.771 [main] INFO sentiment.models.SVMClassifier --   positive: 10 (50.0%)
09:24:39.771 [main] INFO sentiment.models.SVMClassifier --   negative: 10 (50.0%)
09:24:39.771 [main] INFO sentiment.models.SVMClassifier -- Hyperparameter tuning DISABLED - using default linear kernel
09:24:39.771 [main] WARN sentiment.models.SVMClassifier -- RECOMMENDATION: Enable hyperparameter tuning for production models
09:24:39.774 [main] INFO sentiment.models.SVMClassifier -- Using default config: C=1.0, Linear Kernel
09:24:39.774 [main] INFO sentiment.models.SVMClassifier -- Training SVM model on 20 instances
09:24:39.776 [main] INFO sentiment.models.SVMClassifier -- SVM model training complete
09:24:39.776 [main] INFO sentiment.models.SVMClassifier -- Training finalized. Model ready. Classes: positive, negative
09:24:39.776 [main] INFO sentiment.models.SVMClassifier -- Pipeline statistics:
09:24:39.776 [main] INFO sentiment.models.SVMClassifier --   - Preprocessor vocabulary: 100 terms
09:24:39.777 [main] INFO sentiment.models.SVMClassifier --   - Converter vocabulary:    100 terms
09:24:39.777 [main] INFO sentiment.models.SVMClassifier --   - Feature selection ratio: 100.0%
09:24:39.777 [main] INFO sentiment.models.SVMClassifier --   - Feature count:           10 features
09:24:39.777 [main] INFO sentiment.models.SVMClassifier --   - Training instances:      0
09:24:39.777 [main] INFO sentiment.models.SVMClassifier -- SVM training complete. Pipeline ready for inference.
09:24:39.777 [main] INFO sentiment.models.SVMClassifier -- TRAINING completed successfully in 6ms. State: TRAINING -> READY. NOW THREAD-SAFE for concurrent inference.
]]></system-out>
  </testcase>
  <testcase name="testConstructor_NullConverter_ThrowsException" classname="sentiment.models.SVMClassifierTest" time="0.001">
    <system-out><![CDATA[09:24:39.778 [main] INFO sentiment.models.SVMClassifier -- Created SVMClassifier - manages full training pipeline
]]></system-out>
  </testcase>
  <testcase name="testClassify_RejectsWhitespaceOnly" classname="sentiment.models.SVMClassifierTest" time="0.008">
    <system-out><![CDATA[09:24:39.780 [main] INFO sentiment.models.SVMClassifier -- Created SVMClassifier - manages full training pipeline
09:24:39.781 [main] INFO sentiment.models.SVMClassifier -- Starting TRAINING phase on 50 samples. State: UNINITIALIZED: Component not initialized -> TRAINING
09:24:39.781 [main] INFO sentiment.models.SVMClassifier -- Training SVM on 50 raw datasets with full pipeline
09:24:39.781 [main] INFO sentiment.models.SVMClassifier -- Step 1/3: Fitting preprocessing pipeline
09:24:39.781 [main] INFO sentiment.models.SVMClassifier -- Preprocessor fitted. Vocabulary: 100
09:24:39.781 [main] INFO sentiment.models.SVMClassifier -- Step 2/3: Fitting feature extraction
09:24:39.781 [main] INFO sentiment.models.SVMClassifier -- Converter fitted. Features: 10, Vocabulary: 100
09:24:39.781 [main] INFO sentiment.models.SVMClassifier -- Step 3/3: Training SVM classifier
09:24:39.781 [main] INFO sentiment.models.SVMClassifier -- Dataset: 20 instances, 10 features, 2 classes
09:24:39.781 [main] INFO sentiment.models.SVMClassifier --   positive: 10 (50.0%)
09:24:39.781 [main] INFO sentiment.models.SVMClassifier --   negative: 10 (50.0%)
09:24:39.781 [main] INFO sentiment.models.SVMClassifier -- Hyperparameter tuning DISABLED - using default linear kernel
09:24:39.781 [main] WARN sentiment.models.SVMClassifier -- RECOMMENDATION: Enable hyperparameter tuning for production models
09:24:39.784 [main] INFO sentiment.models.SVMClassifier -- Using default config: C=1.0, Linear Kernel
09:24:39.784 [main] INFO sentiment.models.SVMClassifier -- Training SVM model on 20 instances
09:24:39.786 [main] INFO sentiment.models.SVMClassifier -- SVM model training complete
09:24:39.786 [main] INFO sentiment.models.SVMClassifier -- Training finalized. Model ready. Classes: positive, negative
09:24:39.787 [main] INFO sentiment.models.SVMClassifier -- Pipeline statistics:
09:24:39.787 [main] INFO sentiment.models.SVMClassifier --   - Preprocessor vocabulary: 100 terms
09:24:39.787 [main] INFO sentiment.models.SVMClassifier --   - Converter vocabulary:    100 terms
09:24:39.787 [main] INFO sentiment.models.SVMClassifier --   - Feature selection ratio: 100.0%
09:24:39.787 [main] INFO sentiment.models.SVMClassifier --   - Feature count:           10 features
09:24:39.787 [main] INFO sentiment.models.SVMClassifier --   - Training instances:      0
09:24:39.787 [main] INFO sentiment.models.SVMClassifier -- SVM training complete. Pipeline ready for inference.
09:24:39.787 [main] INFO sentiment.models.SVMClassifier -- TRAINING completed successfully in 6ms. State: TRAINING -> READY. NOW THREAD-SAFE for concurrent inference.
]]></system-out>
  </testcase>
  <testcase name="testClassify_RejectsNullInput" classname="sentiment.models.SVMClassifierTest" time="0.009">
    <system-out><![CDATA[09:24:39.789 [main] INFO sentiment.models.SVMClassifier -- Created SVMClassifier - manages full training pipeline
09:24:39.790 [main] INFO sentiment.models.SVMClassifier -- Starting TRAINING phase on 50 samples. State: UNINITIALIZED: Component not initialized -> TRAINING
09:24:39.790 [main] INFO sentiment.models.SVMClassifier -- Training SVM on 50 raw datasets with full pipeline
09:24:39.790 [main] INFO sentiment.models.SVMClassifier -- Step 1/3: Fitting preprocessing pipeline
09:24:39.790 [main] INFO sentiment.models.SVMClassifier -- Preprocessor fitted. Vocabulary: 100
09:24:39.790 [main] INFO sentiment.models.SVMClassifier -- Step 2/3: Fitting feature extraction
09:24:39.790 [main] INFO sentiment.models.SVMClassifier -- Converter fitted. Features: 10, Vocabulary: 100
09:24:39.790 [main] INFO sentiment.models.SVMClassifier -- Step 3/3: Training SVM classifier
09:24:39.790 [main] INFO sentiment.models.SVMClassifier -- Dataset: 20 instances, 10 features, 2 classes
09:24:39.790 [main] INFO sentiment.models.SVMClassifier --   positive: 10 (50.0%)
09:24:39.790 [main] INFO sentiment.models.SVMClassifier --   negative: 10 (50.0%)
09:24:39.790 [main] INFO sentiment.models.SVMClassifier -- Hyperparameter tuning DISABLED - using default linear kernel
09:24:39.790 [main] WARN sentiment.models.SVMClassifier -- RECOMMENDATION: Enable hyperparameter tuning for production models
09:24:39.793 [main] INFO sentiment.models.SVMClassifier -- Using default config: C=1.0, Linear Kernel
09:24:39.793 [main] INFO sentiment.models.SVMClassifier -- Training SVM model on 20 instances
09:24:39.795 [main] INFO sentiment.models.SVMClassifier -- SVM model training complete
09:24:39.795 [main] INFO sentiment.models.SVMClassifier -- Training finalized. Model ready. Classes: positive, negative
09:24:39.796 [main] INFO sentiment.models.SVMClassifier -- Pipeline statistics:
09:24:39.796 [main] INFO sentiment.models.SVMClassifier --   - Preprocessor vocabulary: 100 terms
09:24:39.796 [main] INFO sentiment.models.SVMClassifier --   - Converter vocabulary:    100 terms
09:24:39.796 [main] INFO sentiment.models.SVMClassifier --   - Feature selection ratio: 100.0%
09:24:39.796 [main] INFO sentiment.models.SVMClassifier --   - Feature count:           10 features
09:24:39.796 [main] INFO sentiment.models.SVMClassifier --   - Training instances:      0
09:24:39.796 [main] INFO sentiment.models.SVMClassifier -- SVM training complete. Pipeline ready for inference.
09:24:39.796 [main] INFO sentiment.models.SVMClassifier -- TRAINING completed successfully in 6ms. State: TRAINING -> READY. NOW THREAD-SAFE for concurrent inference.
]]></system-out>
  </testcase>
  <testcase name="testConstructor_WithCustomSMO_Succeeds" classname="sentiment.models.SVMClassifierTest" time="0.001">
    <system-out><![CDATA[09:24:39.797 [main] INFO sentiment.models.SVMClassifier -- Created SVMClassifier - manages full training pipeline
09:24:39.798 [main] INFO sentiment.models.SVMClassifier -- Created BasicSVMClassifier with custom SMO
]]></system-out>
  </testcase>
  <testcase name="testTrain_ExtractsSupportedClasses" classname="sentiment.models.SVMClassifierTest" time="0.008">
    <system-out><![CDATA[09:24:39.799 [main] INFO sentiment.models.SVMClassifier -- Created SVMClassifier - manages full training pipeline
09:24:39.799 [main] INFO sentiment.models.SVMClassifier -- Starting TRAINING phase on 50 samples. State: UNINITIALIZED: Component not initialized -> TRAINING
09:24:39.799 [main] INFO sentiment.models.SVMClassifier -- Training SVM on 50 raw datasets with full pipeline
09:24:39.799 [main] INFO sentiment.models.SVMClassifier -- Step 1/3: Fitting preprocessing pipeline
09:24:39.799 [main] INFO sentiment.models.SVMClassifier -- Preprocessor fitted. Vocabulary: 100
09:24:39.799 [main] INFO sentiment.models.SVMClassifier -- Step 2/3: Fitting feature extraction
09:24:39.800 [main] INFO sentiment.models.SVMClassifier -- Converter fitted. Features: 10, Vocabulary: 100
09:24:39.800 [main] INFO sentiment.models.SVMClassifier -- Step 3/3: Training SVM classifier
09:24:39.800 [main] INFO sentiment.models.SVMClassifier -- Dataset: 20 instances, 10 features, 2 classes
09:24:39.800 [main] INFO sentiment.models.SVMClassifier --   positive: 10 (50.0%)
09:24:39.800 [main] INFO sentiment.models.SVMClassifier --   negative: 10 (50.0%)
09:24:39.800 [main] INFO sentiment.models.SVMClassifier -- Hyperparameter tuning DISABLED - using default linear kernel
09:24:39.800 [main] WARN sentiment.models.SVMClassifier -- RECOMMENDATION: Enable hyperparameter tuning for production models
09:24:39.803 [main] INFO sentiment.models.SVMClassifier -- Using default config: C=1.0, Linear Kernel
09:24:39.803 [main] INFO sentiment.models.SVMClassifier -- Training SVM model on 20 instances
09:24:39.805 [main] INFO sentiment.models.SVMClassifier -- SVM model training complete
09:24:39.805 [main] INFO sentiment.models.SVMClassifier -- Training finalized. Model ready. Classes: positive, negative
09:24:39.805 [main] INFO sentiment.models.SVMClassifier -- Pipeline statistics:
09:24:39.805 [main] INFO sentiment.models.SVMClassifier --   - Preprocessor vocabulary: 100 terms
09:24:39.805 [main] INFO sentiment.models.SVMClassifier --   - Converter vocabulary:    100 terms
09:24:39.805 [main] INFO sentiment.models.SVMClassifier --   - Feature selection ratio: 100.0%
09:24:39.805 [main] INFO sentiment.models.SVMClassifier --   - Feature count:           10 features
09:24:39.805 [main] INFO sentiment.models.SVMClassifier --   - Training instances:      0
09:24:39.805 [main] INFO sentiment.models.SVMClassifier -- SVM training complete. Pipeline ready for inference.
09:24:39.805 [main] INFO sentiment.models.SVMClassifier -- TRAINING completed successfully in 6ms. State: TRAINING -> READY. NOW THREAD-SAFE for concurrent inference.
]]></system-out>
  </testcase>
</testsuite>