<?xml version="1.0" encoding="UTF-8"?>
<testsuite xmlns:xsi="http://www.w3.org/2001/XMLSchema-instance" xsi:noNamespaceSchemaLocation="https://maven.apache.org/surefire/maven-surefire-plugin/xsd/surefire-test-report.xsd" version="3.0.2" name="sentiment.evaluation.CalibrationMetricsTest" time="0.012" tests="29" errors="0" skipped="0" failures="0">
  <properties>
[...]
</properties>
  <testcase name="testWorstCalibration" classname="sentiment.evaluation.CalibrationMetricsTest" time="0.0"/>
  <testcase name="testEdgeCase_SameLabels" classname="sentiment.evaluation.CalibrationMetricsTest" time="0.0"/>
  <testcase name="testBin_AverageConfidence" classname="sentiment.evaluation.CalibrationMetricsTest" time="0.0"/>
  <testcase name="testValidation_InvalidNumBins" classname="sentiment.evaluation.CalibrationMetricsTest" time="0.0"/>
  <testcase name="testMultiClass_DimensionMismatch" classname="sentiment.evaluation.CalibrationMetricsTest" time="0.001"/>
  <testcase name="testValidation_InvalidProbability" classname="sentiment.evaluation.CalibrationMetricsTest" time="0.0"/>
  <testcase name="testECE_Range" classname="sentiment.evaluation.CalibrationMetricsTest" time="0.0"/>
  <testcase name="testToString" classname="sentiment.evaluation.CalibrationMetricsTest" time="0.001"/>
  <testcase name="testBin_Accuracy" classname="sentiment.evaluation.CalibrationMetricsTest" time="0.0"/>
  <testcase name="testPoorlyCalibratedModel" classname="sentiment.evaluation.CalibrationMetricsTest" time="0.0"/>
  <testcase name="testValidation_InvalidLabels" classname="sentiment.evaluation.CalibrationMetricsTest" time="0.001"/>
  <testcase name="testBin_ToString" classname="sentiment.evaluation.CalibrationMetricsTest" time="0.0"/>
  <testcase name="testAverageConfidence" classname="sentiment.evaluation.CalibrationMetricsTest" time="0.0"/>
  <testcase name="testMCE_Computation" classname="sentiment.evaluation.CalibrationMetricsTest" time="0.0"/>
  <testcase name="testEdgeCase_SamePredictions" classname="sentiment.evaluation.CalibrationMetricsTest" time="0.0"/>
  <testcase name="testBrierScoreRange" classname="sentiment.evaluation.CalibrationMetricsTest" time="0.0"/>
  <testcase name="testEdgeCase_MinimumDataset" classname="sentiment.evaluation.CalibrationMetricsTest" time="0.0"/>
  <testcase name="testMultiClassCalibration" classname="sentiment.evaluation.CalibrationMetricsTest" time="0.001"/>
  <testcase name="testECE_Computation" classname="sentiment.evaluation.CalibrationMetricsTest" time="0.0"/>
  <testcase name="testBinCreation" classname="sentiment.evaluation.CalibrationMetricsTest" time="0.0"/>
  <testcase name="testPerfectCalibration" classname="sentiment.evaluation.CalibrationMetricsTest" time="0.0"/>
  <testcase name="testEdgeCase_ProbabilityOne" classname="sentiment.evaluation.CalibrationMetricsTest" time="0.0"/>
  <testcase name="testBrierScoreComputation" classname="sentiment.evaluation.CalibrationMetricsTest" time="0.0"/>
  <testcase name="testAverageAccuracy" classname="sentiment.evaluation.CalibrationMetricsTest" time="0.0"/>
  <testcase name="testEmptyBin_ToString" classname="sentiment.evaluation.CalibrationMetricsTest" time="0.0"/>
  <testcase name="testMCE_Range" classname="sentiment.evaluation.CalibrationMetricsTest" time="0.0"/>
  <testcase name="testWellCalibratedModel" classname="sentiment.evaluation.CalibrationMetricsTest" time="0.0"/>
  <testcase name="testEmptyBin" classname="sentiment.evaluation.CalibrationMetricsTest" time="0.001"/>
  <testcase name="testValidation_LengthMismatch" classname="sentiment.evaluation.CalibrationMetricsTest" time="0.0"/>
</testsuite>