<?xml version="1.0" encoding="UTF-8"?>
<testsuite xmlns:xsi="http://www.w3.org/2001/XMLSchema-instance" xsi:noNamespaceSchemaLocation="https://maven.apache.org/surefire/maven-surefire-plugin/xsd/surefire-test-report.xsd" version="3.0.2" name="sentiment.models.SVMBatchPredictorOptimizationTest" time="0.171" tests="20" errors="0" skipped="0" failures="0">
  <properties>
[...]
</properties>
  <testcase name="testParallelThreshold" classname="sentiment.models.SVMBatchPredictorOptimizationTest" time="0.075">
    <system-out><![CDATA[09:24:39.884 [main] INFO sentiment.models.SVMClassifier -- Created BasicSVMClassifier with custom SMO
09:24:39.885 [main] INFO sentiment.models.SVMClassifier -- Starting TRAINING phase on 2 samples. State: UNINITIALIZED: Component not initialized -> TRAINING
09:24:39.885 [main] INFO sentiment.models.SVMClassifier -- Training SVM on 2 raw datasets with full pipeline
09:24:39.885 [main] INFO sentiment.models.SVMClassifier -- Step 1/3: Fitting preprocessing pipeline
09:24:39.885 [main] INFO sentiment.models.SVMClassifier -- Preprocessor fitted. Vocabulary: 100
09:24:39.885 [main] INFO sentiment.models.SVMClassifier -- Step 2/3: Fitting feature extraction
09:24:39.885 [main] INFO sentiment.models.SVMClassifier -- Converter fitted. Features: 2, Vocabulary: 100
09:24:39.885 [main] INFO sentiment.models.SVMClassifier -- Step 3/3: Training SVM classifier
09:24:39.885 [main] INFO sentiment.models.SVMClassifier -- Dataset: 10 instances, 2 features, 2 classes
09:24:39.885 [main] INFO sentiment.models.SVMClassifier --   positive: 5 (50.0%)
09:24:39.885 [main] INFO sentiment.models.SVMClassifier --   negative: 5 (50.0%)
09:24:39.885 [main] INFO sentiment.models.SVMClassifier -- Hyperparameter tuning DISABLED - using default linear kernel
09:24:39.885 [main] WARN sentiment.models.SVMClassifier -- RECOMMENDATION: Enable hyperparameter tuning for production models
09:24:39.891 [main] INFO sentiment.models.SVMClassifier -- Using default config: C=1.0, Linear Kernel
09:24:39.891 [main] INFO sentiment.models.SVMClassifier -- Training SVM model on 10 instances
09:24:39.891 [main] INFO sentiment.models.SVMClassifier -- SVM model training complete
09:24:39.891 [main] INFO sentiment.models.SVMClassifier -- Training finalized. Model ready. Classes: positive, negative
09:24:39.891 [main] INFO sentiment.models.SVMClassifier -- Pipeline statistics:
09:24:39.891 [main] INFO sentiment.models.SVMClassifier --   - Preprocessor vocabulary: 100 terms
09:24:39.891 [main] INFO sentiment.models.SVMClassifier --   - Converter vocabulary:    100 terms
09:24:39.892 [main] INFO sentiment.models.SVMClassifier --   - Feature selection ratio: 100.0%
09:24:39.892 [main] INFO sentiment.models.SVMClassifier --   - Feature count:           2 features
09:24:39.892 [main] INFO sentiment.models.SVMClassifier --   - Training instances:      0
09:24:39.892 [main] INFO sentiment.models.SVMClassifier -- SVM training complete. Pipeline ready for inference.
09:24:39.892 [main] INFO sentiment.models.SVMClassifier -- TRAINING completed successfully in 7ms. State: TRAINING -> READY. NOW THREAD-SAFE for concurrent inference.
]]></system-out>
  </testcase>
  <testcase name="testEmptyTextHandling" classname="sentiment.models.SVMBatchPredictorOptimizationTest" time="0.005">
    <system-out><![CDATA[09:24:39.896 [main] INFO sentiment.models.SVMClassifier -- Created BasicSVMClassifier with custom SMO
09:24:39.896 [main] INFO sentiment.models.SVMClassifier -- Starting TRAINING phase on 2 samples. State: UNINITIALIZED: Component not initialized -> TRAINING
09:24:39.896 [main] INFO sentiment.models.SVMClassifier -- Training SVM on 2 raw datasets with full pipeline
09:24:39.896 [main] INFO sentiment.models.SVMClassifier -- Step 1/3: Fitting preprocessing pipeline
09:24:39.896 [main] INFO sentiment.models.SVMClassifier -- Preprocessor fitted. Vocabulary: 100
09:24:39.896 [main] INFO sentiment.models.SVMClassifier -- Step 2/3: Fitting feature extraction
09:24:39.896 [main] INFO sentiment.models.SVMClassifier -- Converter fitted. Features: 2, Vocabulary: 100
09:24:39.896 [main] INFO sentiment.models.SVMClassifier -- Step 3/3: Training SVM classifier
09:24:39.896 [main] INFO sentiment.models.SVMClassifier -- Dataset: 10 instances, 2 features, 2 classes
09:24:39.896 [main] INFO sentiment.models.SVMClassifier --   positive: 5 (50.0%)
09:24:39.896 [main] INFO sentiment.models.SVMClassifier --   negative: 5 (50.0%)
09:24:39.896 [main] INFO sentiment.models.SVMClassifier -- Hyperparameter tuning DISABLED - using default linear kernel
09:24:39.896 [main] WARN sentiment.models.SVMClassifier -- RECOMMENDATION: Enable hyperparameter tuning for production models
09:24:39.897 [main] INFO sentiment.models.SVMClassifier -- Using default config: C=1.0, Linear Kernel
09:24:39.897 [main] INFO sentiment.models.SVMClassifier -- Training SVM model on 10 instances
09:24:39.897 [main] INFO sentiment.models.SVMClassifier -- SVM model training complete
09:24:39.897 [main] INFO sentiment.models.SVMClassifier -- Training finalized. Model ready. Classes: positive, negative
09:24:39.897 [main] INFO sentiment.models.SVMClassifier -- Pipeline statistics:
09:24:39.897 [main] INFO sentiment.models.SVMClassifier --   - Preprocessor vocabulary: 100 terms
09:24:39.897 [main] INFO sentiment.models.SVMClassifier --   - Converter vocabulary:    100 terms
09:24:39.897 [main] INFO sentiment.models.SVMClassifier --   - Feature selection ratio: 100.0%
09:24:39.897 [main] INFO sentiment.models.SVMClassifier --   - Feature count:           2 features
09:24:39.897 [main] INFO sentiment.models.SVMClassifier --   - Training instances:      0
09:24:39.897 [main] INFO sentiment.models.SVMClassifier -- SVM training complete. Pipeline ready for inference.
09:24:39.897 [main] INFO sentiment.models.SVMClassifier -- TRAINING completed successfully in 1ms. State: TRAINING -> READY. NOW THREAD-SAFE for concurrent inference.
09:24:39.898 [main] INFO sentiment.models.BatchPredictor -- Created BatchPredictor with parallel processing: 8 threads
09:24:39.898 [main] INFO sentiment.models.BatchPredictor -- Batch configuration: BatchOptimizationConfig{batchSize=100, parallelThreshold=500, enableParallel=true, enableMetrics=true, threadPoolSize=8}
09:24:39.898 [main] INFO sentiment.models.BatchPredictor -- Batch classifying 4 texts (config: BatchOptimizationConfig{batchSize=100, parallelThreshold=500, enableParallel=true, enableMetrics=true, threadPoolSize=8})
09:24:39.899 [main] WARN sentiment.models.BatchPredictor -- Batch preprocessing: 3/4 texts were empty
09:24:39.900 [main] INFO sentiment.models.BatchPredictor -- Batch classification complete: BatchMetrics{items=4/4, time=1ms, throughput=4000.0 items/sec}
]]></system-out>
  </testcase>
  <testcase name="testSequentialBatchProcessing" classname="sentiment.models.SVMBatchPredictorOptimizationTest" time="0.006">
    <system-out><![CDATA[09:24:39.901 [main] INFO sentiment.models.SVMClassifier -- Created BasicSVMClassifier with custom SMO
09:24:39.901 [main] INFO sentiment.models.SVMClassifier -- Starting TRAINING phase on 2 samples. State: UNINITIALIZED: Component not initialized -> TRAINING
09:24:39.902 [main] INFO sentiment.models.SVMClassifier -- Training SVM on 2 raw datasets with full pipeline
09:24:39.902 [main] INFO sentiment.models.SVMClassifier -- Step 1/3: Fitting preprocessing pipeline
09:24:39.902 [main] INFO sentiment.models.SVMClassifier -- Preprocessor fitted. Vocabulary: 100
09:24:39.902 [main] INFO sentiment.models.SVMClassifier -- Step 2/3: Fitting feature extraction
09:24:39.902 [main] INFO sentiment.models.SVMClassifier -- Converter fitted. Features: 2, Vocabulary: 100
09:24:39.902 [main] INFO sentiment.models.SVMClassifier -- Step 3/3: Training SVM classifier
09:24:39.902 [main] INFO sentiment.models.SVMClassifier -- Dataset: 10 instances, 2 features, 2 classes
09:24:39.902 [main] INFO sentiment.models.SVMClassifier --   positive: 5 (50.0%)
09:24:39.902 [main] INFO sentiment.models.SVMClassifier --   negative: 5 (50.0%)
09:24:39.902 [main] INFO sentiment.models.SVMClassifier -- Hyperparameter tuning DISABLED - using default linear kernel
09:24:39.902 [main] WARN sentiment.models.SVMClassifier -- RECOMMENDATION: Enable hyperparameter tuning for production models
09:24:39.902 [main] INFO sentiment.models.SVMClassifier -- Using default config: C=1.0, Linear Kernel
09:24:39.902 [main] INFO sentiment.models.SVMClassifier -- Training SVM model on 10 instances
09:24:39.902 [main] INFO sentiment.models.SVMClassifier -- SVM model training complete
09:24:39.902 [main] INFO sentiment.models.SVMClassifier -- Training finalized. Model ready. Classes: positive, negative
09:24:39.902 [main] INFO sentiment.models.SVMClassifier -- Pipeline statistics:
09:24:39.902 [main] INFO sentiment.models.SVMClassifier --   - Preprocessor vocabulary: 100 terms
09:24:39.902 [main] INFO sentiment.models.SVMClassifier --   - Converter vocabulary:    100 terms
09:24:39.902 [main] INFO sentiment.models.SVMClassifier --   - Feature selection ratio: 100.0%
09:24:39.902 [main] INFO sentiment.models.SVMClassifier --   - Feature count:           2 features
09:24:39.902 [main] INFO sentiment.models.SVMClassifier --   - Training instances:      0
09:24:39.902 [main] INFO sentiment.models.SVMClassifier -- SVM training complete. Pipeline ready for inference.
09:24:39.902 [main] INFO sentiment.models.SVMClassifier -- TRAINING completed successfully in 0ms. State: TRAINING -> READY. NOW THREAD-SAFE for concurrent inference.
09:24:39.903 [main] INFO sentiment.models.BatchPredictor -- Created BatchPredictor with sequential processing
09:24:39.903 [main] INFO sentiment.models.BatchPredictor -- Batch configuration: BatchOptimizationConfig{batchSize=5, parallelThreshold=500, enableParallel=false, enableMetrics=true, threadPoolSize=8}
09:24:39.903 [main] INFO sentiment.models.BatchPredictor -- Batch classifying 12 texts (config: BatchOptimizationConfig{batchSize=5, parallelThreshold=500, enableParallel=false, enableMetrics=true, threadPoolSize=8})
09:24:39.904 [main] INFO sentiment.models.BatchPredictor -- Batch classification complete: BatchMetrics{items=12/12, time=1ms, throughput=12000.0 items/sec}
]]></system-out>
  </testcase>
  <testcase name="testNullInputHandling" classname="sentiment.models.SVMBatchPredictorOptimizationTest" time="0.002">
    <system-out><![CDATA[09:24:39.907 [main] INFO sentiment.models.SVMClassifier -- Created BasicSVMClassifier with custom SMO
09:24:39.907 [main] INFO sentiment.models.SVMClassifier -- Starting TRAINING phase on 2 samples. State: UNINITIALIZED: Component not initialized -> TRAINING
09:24:39.907 [main] INFO sentiment.models.SVMClassifier -- Training SVM on 2 raw datasets with full pipeline
09:24:39.907 [main] INFO sentiment.models.SVMClassifier -- Step 1/3: Fitting preprocessing pipeline
09:24:39.907 [main] INFO sentiment.models.SVMClassifier -- Preprocessor fitted. Vocabulary: 100
09:24:39.907 [main] INFO sentiment.models.SVMClassifier -- Step 2/3: Fitting feature extraction
09:24:39.907 [main] INFO sentiment.models.SVMClassifier -- Converter fitted. Features: 2, Vocabulary: 100
09:24:39.907 [main] INFO sentiment.models.SVMClassifier -- Step 3/3: Training SVM classifier
09:24:39.907 [main] INFO sentiment.models.SVMClassifier -- Dataset: 10 instances, 2 features, 2 classes
09:24:39.907 [main] INFO sentiment.models.SVMClassifier --   positive: 5 (50.0%)
09:24:39.907 [main] INFO sentiment.models.SVMClassifier --   negative: 5 (50.0%)
09:24:39.907 [main] INFO sentiment.models.SVMClassifier -- Hyperparameter tuning DISABLED - using default linear kernel
09:24:39.907 [main] WARN sentiment.models.SVMClassifier -- RECOMMENDATION: Enable hyperparameter tuning for production models
09:24:39.908 [main] INFO sentiment.models.SVMClassifier -- Using default config: C=1.0, Linear Kernel
09:24:39.908 [main] INFO sentiment.models.SVMClassifier -- Training SVM model on 10 instances
09:24:39.908 [main] INFO sentiment.models.SVMClassifier -- SVM model training complete
09:24:39.908 [main] INFO sentiment.models.SVMClassifier -- Training finalized. Model ready. Classes: positive, negative
09:24:39.908 [main] INFO sentiment.models.SVMClassifier -- Pipeline statistics:
09:24:39.908 [main] INFO sentiment.models.SVMClassifier --   - Preprocessor vocabulary: 100 terms
09:24:39.908 [main] INFO sentiment.models.SVMClassifier --   - Converter vocabulary:    100 terms
09:24:39.908 [main] INFO sentiment.models.SVMClassifier --   - Feature selection ratio: 100.0%
09:24:39.908 [main] INFO sentiment.models.SVMClassifier --   - Feature count:           2 features
09:24:39.908 [main] INFO sentiment.models.SVMClassifier --   - Training instances:      0
09:24:39.908 [main] INFO sentiment.models.SVMClassifier -- SVM training complete. Pipeline ready for inference.
09:24:39.908 [main] INFO sentiment.models.SVMClassifier -- TRAINING completed successfully in 1ms. State: TRAINING -> READY. NOW THREAD-SAFE for concurrent inference.
09:24:39.908 [main] INFO sentiment.models.BatchPredictor -- Created BatchPredictor with parallel processing: 8 threads
09:24:39.908 [main] INFO sentiment.models.BatchPredictor -- Batch configuration: BatchOptimizationConfig{batchSize=100, parallelThreshold=500, enableParallel=true, enableMetrics=true, threadPoolSize=8}
]]></system-out>
  </testcase>
  <testcase name="testSequentialProbabilityBatch" classname="sentiment.models.SVMBatchPredictorOptimizationTest" time="0.005">
    <system-out><![CDATA[09:24:39.910 [main] INFO sentiment.models.SVMClassifier -- Created BasicSVMClassifier with custom SMO
09:24:39.910 [main] INFO sentiment.models.SVMClassifier -- Starting TRAINING phase on 2 samples. State: UNINITIALIZED: Component not initialized -> TRAINING
09:24:39.910 [main] INFO sentiment.models.SVMClassifier -- Training SVM on 2 raw datasets with full pipeline
09:24:39.910 [main] INFO sentiment.models.SVMClassifier -- Step 1/3: Fitting preprocessing pipeline
09:24:39.910 [main] INFO sentiment.models.SVMClassifier -- Preprocessor fitted. Vocabulary: 100
09:24:39.910 [main] INFO sentiment.models.SVMClassifier -- Step 2/3: Fitting feature extraction
09:24:39.910 [main] INFO sentiment.models.SVMClassifier -- Converter fitted. Features: 2, Vocabulary: 100
09:24:39.910 [main] INFO sentiment.models.SVMClassifier -- Step 3/3: Training SVM classifier
09:24:39.910 [main] INFO sentiment.models.SVMClassifier -- Dataset: 10 instances, 2 features, 2 classes
09:24:39.910 [main] INFO sentiment.models.SVMClassifier --   positive: 5 (50.0%)
09:24:39.910 [main] INFO sentiment.models.SVMClassifier --   negative: 5 (50.0%)
09:24:39.910 [main] INFO sentiment.models.SVMClassifier -- Hyperparameter tuning DISABLED - using default linear kernel
09:24:39.910 [main] WARN sentiment.models.SVMClassifier -- RECOMMENDATION: Enable hyperparameter tuning for production models
09:24:39.910 [main] INFO sentiment.models.SVMClassifier -- Using default config: C=1.0, Linear Kernel
09:24:39.910 [main] INFO sentiment.models.SVMClassifier -- Training SVM model on 10 instances
09:24:39.910 [main] INFO sentiment.models.SVMClassifier -- SVM model training complete
09:24:39.910 [main] INFO sentiment.models.SVMClassifier -- Training finalized. Model ready. Classes: positive, negative
09:24:39.911 [main] INFO sentiment.models.SVMClassifier -- Pipeline statistics:
09:24:39.911 [main] INFO sentiment.models.SVMClassifier --   - Preprocessor vocabulary: 100 terms
09:24:39.911 [main] INFO sentiment.models.SVMClassifier --   - Converter vocabulary:    100 terms
09:24:39.911 [main] INFO sentiment.models.SVMClassifier --   - Feature selection ratio: 100.0%
09:24:39.911 [main] INFO sentiment.models.SVMClassifier --   - Feature count:           2 features
09:24:39.911 [main] INFO sentiment.models.SVMClassifier --   - Training instances:      0
09:24:39.911 [main] INFO sentiment.models.SVMClassifier -- SVM training complete. Pipeline ready for inference.
09:24:39.911 [main] INFO sentiment.models.SVMClassifier -- TRAINING completed successfully in 1ms. State: TRAINING -> READY. NOW THREAD-SAFE for concurrent inference.
09:24:39.911 [main] INFO sentiment.models.BatchPredictor -- Created BatchPredictor with sequential processing
09:24:39.911 [main] INFO sentiment.models.BatchPredictor -- Batch configuration: BatchOptimizationConfig{batchSize=5, parallelThreshold=500, enableParallel=false, enableMetrics=true, threadPoolSize=8}
09:24:39.911 [main] INFO sentiment.models.BatchPredictor -- Batch computing probabilities for 10 texts (config: BatchOptimizationConfig{batchSize=5, parallelThreshold=500, enableParallel=false, enableMetrics=true, threadPoolSize=8})
09:24:39.912 [main] INFO sentiment.models.BatchPredictor -- Batch probability computation complete: BatchMetrics{items=10/10, time=1ms, throughput=10000.0 items/sec}
]]></system-out>
  </testcase>
  <testcase name="testShutdownWithoutThreadPool" classname="sentiment.models.SVMBatchPredictorOptimizationTest" time="0.003">
    <system-out><![CDATA[09:24:39.915 [main] INFO sentiment.models.SVMClassifier -- Created BasicSVMClassifier with custom SMO
09:24:39.916 [main] INFO sentiment.models.SVMClassifier -- Starting TRAINING phase on 2 samples. State: UNINITIALIZED: Component not initialized -> TRAINING
09:24:39.916 [main] INFO sentiment.models.SVMClassifier -- Training SVM on 2 raw datasets with full pipeline
09:24:39.916 [main] INFO sentiment.models.SVMClassifier -- Step 1/3: Fitting preprocessing pipeline
09:24:39.916 [main] INFO sentiment.models.SVMClassifier -- Preprocessor fitted. Vocabulary: 100
09:24:39.916 [main] INFO sentiment.models.SVMClassifier -- Step 2/3: Fitting feature extraction
09:24:39.916 [main] INFO sentiment.models.SVMClassifier -- Converter fitted. Features: 2, Vocabulary: 100
09:24:39.916 [main] INFO sentiment.models.SVMClassifier -- Step 3/3: Training SVM classifier
09:24:39.916 [main] INFO sentiment.models.SVMClassifier -- Dataset: 10 instances, 2 features, 2 classes
09:24:39.916 [main] INFO sentiment.models.SVMClassifier --   positive: 5 (50.0%)
09:24:39.916 [main] INFO sentiment.models.SVMClassifier --   negative: 5 (50.0%)
09:24:39.916 [main] INFO sentiment.models.SVMClassifier -- Hyperparameter tuning DISABLED - using default linear kernel
09:24:39.916 [main] WARN sentiment.models.SVMClassifier -- RECOMMENDATION: Enable hyperparameter tuning for production models
09:24:39.916 [main] INFO sentiment.models.SVMClassifier -- Using default config: C=1.0, Linear Kernel
09:24:39.916 [main] INFO sentiment.models.SVMClassifier -- Training SVM model on 10 instances
09:24:39.916 [main] INFO sentiment.models.SVMClassifier -- SVM model training complete
09:24:39.916 [main] INFO sentiment.models.SVMClassifier -- Training finalized. Model ready. Classes: positive, negative
09:24:39.916 [main] INFO sentiment.models.SVMClassifier -- Pipeline statistics:
09:24:39.916 [main] INFO sentiment.models.SVMClassifier --   - Preprocessor vocabulary: 100 terms
09:24:39.916 [main] INFO sentiment.models.SVMClassifier --   - Converter vocabulary:    100 terms
09:24:39.916 [main] INFO sentiment.models.SVMClassifier --   - Feature selection ratio: 100.0%
09:24:39.916 [main] INFO sentiment.models.SVMClassifier --   - Feature count:           2 features
09:24:39.916 [main] INFO sentiment.models.SVMClassifier --   - Training instances:      0
09:24:39.916 [main] INFO sentiment.models.SVMClassifier -- SVM training complete. Pipeline ready for inference.
09:24:39.916 [main] INFO sentiment.models.SVMClassifier -- TRAINING completed successfully in 0ms. State: TRAINING -> READY. NOW THREAD-SAFE for concurrent inference.
09:24:39.917 [main] INFO sentiment.models.BatchPredictor -- Created BatchPredictor with sequential processing
09:24:39.917 [main] INFO sentiment.models.BatchPredictor -- Batch configuration: BatchOptimizationConfig{batchSize=50, parallelThreshold=500, enableParallel=false, enableMetrics=true, threadPoolSize=8}
]]></system-out>
  </testcase>
  <testcase name="testMetricsCollection" classname="sentiment.models.SVMBatchPredictorOptimizationTest" time="0.004">
    <system-out><![CDATA[09:24:39.919 [main] INFO sentiment.models.SVMClassifier -- Created BasicSVMClassifier with custom SMO
09:24:39.919 [main] INFO sentiment.models.SVMClassifier -- Starting TRAINING phase on 2 samples. State: UNINITIALIZED: Component not initialized -> TRAINING
09:24:39.919 [main] INFO sentiment.models.SVMClassifier -- Training SVM on 2 raw datasets with full pipeline
09:24:39.919 [main] INFO sentiment.models.SVMClassifier -- Step 1/3: Fitting preprocessing pipeline
09:24:39.919 [main] INFO sentiment.models.SVMClassifier -- Preprocessor fitted. Vocabulary: 100
09:24:39.919 [main] INFO sentiment.models.SVMClassifier -- Step 2/3: Fitting feature extraction
09:24:39.919 [main] INFO sentiment.models.SVMClassifier -- Converter fitted. Features: 2, Vocabulary: 100
09:24:39.919 [main] INFO sentiment.models.SVMClassifier -- Step 3/3: Training SVM classifier
09:24:39.919 [main] INFO sentiment.models.SVMClassifier -- Dataset: 10 instances, 2 features, 2 classes
09:24:39.919 [main] INFO sentiment.models.SVMClassifier --   positive: 5 (50.0%)
09:24:39.919 [main] INFO sentiment.models.SVMClassifier --   negative: 5 (50.0%)
09:24:39.919 [main] INFO sentiment.models.SVMClassifier -- Hyperparameter tuning DISABLED - using default linear kernel
09:24:39.919 [main] WARN sentiment.models.SVMClassifier -- RECOMMENDATION: Enable hyperparameter tuning for production models
09:24:39.919 [main] INFO sentiment.models.SVMClassifier -- Using default config: C=1.0, Linear Kernel
09:24:39.919 [main] INFO sentiment.models.SVMClassifier -- Training SVM model on 10 instances
09:24:39.919 [main] INFO sentiment.models.SVMClassifier -- SVM model training complete
09:24:39.919 [main] INFO sentiment.models.SVMClassifier -- Training finalized. Model ready. Classes: positive, negative
09:24:39.920 [main] INFO sentiment.models.SVMClassifier -- Pipeline statistics:
09:24:39.920 [main] INFO sentiment.models.SVMClassifier --   - Preprocessor vocabulary: 100 terms
09:24:39.920 [main] INFO sentiment.models.SVMClassifier --   - Converter vocabulary:    100 terms
09:24:39.920 [main] INFO sentiment.models.SVMClassifier --   - Feature selection ratio: 100.0%
09:24:39.920 [main] INFO sentiment.models.SVMClassifier --   - Feature count:           2 features
09:24:39.920 [main] INFO sentiment.models.SVMClassifier --   - Training instances:      0
09:24:39.920 [main] INFO sentiment.models.SVMClassifier -- SVM training complete. Pipeline ready for inference.
09:24:39.920 [main] INFO sentiment.models.SVMClassifier -- TRAINING completed successfully in 1ms. State: TRAINING -> READY. NOW THREAD-SAFE for concurrent inference.
09:24:39.920 [main] INFO sentiment.models.BatchPredictor -- Created BatchPredictor with sequential processing
09:24:39.920 [main] INFO sentiment.models.BatchPredictor -- Batch configuration: BatchOptimizationConfig{batchSize=10, parallelThreshold=500, enableParallel=false, enableMetrics=true, threadPoolSize=8}
09:24:39.920 [main] INFO sentiment.models.BatchPredictor -- Batch classifying 25 texts (config: BatchOptimizationConfig{batchSize=10, parallelThreshold=500, enableParallel=false, enableMetrics=true, threadPoolSize=8})
09:24:39.922 [main] INFO sentiment.models.BatchPredictor -- Batch classification complete: BatchMetrics{items=25/25, time=2ms, throughput=12500.0 items/sec}
]]></system-out>
  </testcase>
  <testcase name="testLowMemoryConfiguration" classname="sentiment.models.SVMBatchPredictorOptimizationTest" time="0.002">
    <system-out><![CDATA[09:24:39.923 [main] INFO sentiment.models.SVMClassifier -- Created BasicSVMClassifier with custom SMO
09:24:39.924 [main] INFO sentiment.models.SVMClassifier -- Starting TRAINING phase on 2 samples. State: UNINITIALIZED: Component not initialized -> TRAINING
09:24:39.924 [main] INFO sentiment.models.SVMClassifier -- Training SVM on 2 raw datasets with full pipeline
09:24:39.924 [main] INFO sentiment.models.SVMClassifier -- Step 1/3: Fitting preprocessing pipeline
09:24:39.924 [main] INFO sentiment.models.SVMClassifier -- Preprocessor fitted. Vocabulary: 100
09:24:39.924 [main] INFO sentiment.models.SVMClassifier -- Step 2/3: Fitting feature extraction
09:24:39.924 [main] INFO sentiment.models.SVMClassifier -- Converter fitted. Features: 2, Vocabulary: 100
09:24:39.924 [main] INFO sentiment.models.SVMClassifier -- Step 3/3: Training SVM classifier
09:24:39.924 [main] INFO sentiment.models.SVMClassifier -- Dataset: 10 instances, 2 features, 2 classes
09:24:39.924 [main] INFO sentiment.models.SVMClassifier --   positive: 5 (50.0%)
09:24:39.924 [main] INFO sentiment.models.SVMClassifier --   negative: 5 (50.0%)
09:24:39.924 [main] INFO sentiment.models.SVMClassifier -- Hyperparameter tuning DISABLED - using default linear kernel
09:24:39.924 [main] WARN sentiment.models.SVMClassifier -- RECOMMENDATION: Enable hyperparameter tuning for production models
09:24:39.924 [main] INFO sentiment.models.SVMClassifier -- Using default config: C=1.0, Linear Kernel
09:24:39.924 [main] INFO sentiment.models.SVMClassifier -- Training SVM model on 10 instances
09:24:39.924 [main] INFO sentiment.models.SVMClassifier -- SVM model training complete
09:24:39.924 [main] INFO sentiment.models.SVMClassifier -- Training finalized. Model ready. Classes: positive, negative
09:24:39.924 [main] INFO sentiment.models.SVMClassifier -- Pipeline statistics:
09:24:39.924 [main] INFO sentiment.models.SVMClassifier --   - Preprocessor vocabulary: 100 terms
09:24:39.924 [main] INFO sentiment.models.SVMClassifier --   - Converter vocabulary:    100 terms
09:24:39.924 [main] INFO sentiment.models.SVMClassifier --   - Feature selection ratio: 100.0%
09:24:39.924 [main] INFO sentiment.models.SVMClassifier --   - Feature count:           2 features
09:24:39.924 [main] INFO sentiment.models.SVMClassifier --   - Training instances:      0
09:24:39.924 [main] INFO sentiment.models.SVMClassifier -- SVM training complete. Pipeline ready for inference.
09:24:39.924 [main] INFO sentiment.models.SVMClassifier -- TRAINING completed successfully in 0ms. State: TRAINING -> READY. NOW THREAD-SAFE for concurrent inference.
]]></system-out>
  </testcase>
  <testcase name="testParallelProbabilityBatch" classname="sentiment.models.SVMBatchPredictorOptimizationTest" time="0.008">
    <system-out><![CDATA[09:24:39.925 [main] INFO sentiment.models.SVMClassifier -- Created BasicSVMClassifier with custom SMO
09:24:39.926 [main] INFO sentiment.models.SVMClassifier -- Starting TRAINING phase on 2 samples. State: UNINITIALIZED: Component not initialized -> TRAINING
09:24:39.926 [main] INFO sentiment.models.SVMClassifier -- Training SVM on 2 raw datasets with full pipeline
09:24:39.926 [main] INFO sentiment.models.SVMClassifier -- Step 1/3: Fitting preprocessing pipeline
09:24:39.926 [main] INFO sentiment.models.SVMClassifier -- Preprocessor fitted. Vocabulary: 100
09:24:39.926 [main] INFO sentiment.models.SVMClassifier -- Step 2/3: Fitting feature extraction
09:24:39.926 [main] INFO sentiment.models.SVMClassifier -- Converter fitted. Features: 2, Vocabulary: 100
09:24:39.926 [main] INFO sentiment.models.SVMClassifier -- Step 3/3: Training SVM classifier
09:24:39.926 [main] INFO sentiment.models.SVMClassifier -- Dataset: 10 instances, 2 features, 2 classes
09:24:39.926 [main] INFO sentiment.models.SVMClassifier --   positive: 5 (50.0%)
09:24:39.926 [main] INFO sentiment.models.SVMClassifier --   negative: 5 (50.0%)
09:24:39.926 [main] INFO sentiment.models.SVMClassifier -- Hyperparameter tuning DISABLED - using default linear kernel
09:24:39.926 [main] WARN sentiment.models.SVMClassifier -- RECOMMENDATION: Enable hyperparameter tuning for production models
09:24:39.926 [main] INFO sentiment.models.SVMClassifier -- Using default config: C=1.0, Linear Kernel
09:24:39.926 [main] INFO sentiment.models.SVMClassifier -- Training SVM model on 10 instances
09:24:39.926 [main] INFO sentiment.models.SVMClassifier -- SVM model training complete
09:24:39.926 [main] INFO sentiment.models.SVMClassifier -- Training finalized. Model ready. Classes: positive, negative
09:24:39.926 [main] INFO sentiment.models.SVMClassifier -- Pipeline statistics:
09:24:39.926 [main] INFO sentiment.models.SVMClassifier --   - Preprocessor vocabulary: 100 terms
09:24:39.926 [main] INFO sentiment.models.SVMClassifier --   - Converter vocabulary:    100 terms
09:24:39.926 [main] INFO sentiment.models.SVMClassifier --   - Feature selection ratio: 100.0%
09:24:39.926 [main] INFO sentiment.models.SVMClassifier --   - Feature count:           2 features
09:24:39.926 [main] INFO sentiment.models.SVMClassifier --   - Training instances:      0
09:24:39.926 [main] INFO sentiment.models.SVMClassifier -- SVM training complete. Pipeline ready for inference.
09:24:39.926 [main] INFO sentiment.models.SVMClassifier -- TRAINING completed successfully in 0ms. State: TRAINING -> READY. NOW THREAD-SAFE for concurrent inference.
09:24:39.926 [main] INFO sentiment.models.BatchPredictor -- Created BatchPredictor with parallel processing: 8 threads
09:24:39.926 [main] INFO sentiment.models.BatchPredictor -- Batch configuration: BatchOptimizationConfig{batchSize=25, parallelThreshold=50, enableParallel=true, enableMetrics=true, threadPoolSize=8}
09:24:39.927 [main] INFO sentiment.models.BatchPredictor -- Batch computing probabilities for 75 texts (config: BatchOptimizationConfig{batchSize=25, parallelThreshold=50, enableParallel=true, enableMetrics=true, threadPoolSize=8})
09:24:39.932 [main] INFO sentiment.models.BatchPredictor -- Batch probability computation complete: BatchMetrics{items=75/75, time=5ms, throughput=15000.0 items/sec}
09:24:39.932 [main] INFO sentiment.models.BatchPredictor -- Shutting down batch processing thread pool
]]></system-out>
  </testcase>
  <testcase name="testMetricsSummary" classname="sentiment.models.SVMBatchPredictorOptimizationTest" time="0.006">
    <system-out><![CDATA[09:24:39.934 [main] INFO sentiment.models.SVMClassifier -- Created BasicSVMClassifier with custom SMO
09:24:39.934 [main] INFO sentiment.models.SVMClassifier -- Starting TRAINING phase on 2 samples. State: UNINITIALIZED: Component not initialized -> TRAINING
09:24:39.934 [main] INFO sentiment.models.SVMClassifier -- Training SVM on 2 raw datasets with full pipeline
09:24:39.934 [main] INFO sentiment.models.SVMClassifier -- Step 1/3: Fitting preprocessing pipeline
09:24:39.935 [main] INFO sentiment.models.SVMClassifier -- Preprocessor fitted. Vocabulary: 100
09:24:39.935 [main] INFO sentiment.models.SVMClassifier -- Step 2/3: Fitting feature extraction
09:24:39.935 [main] INFO sentiment.models.SVMClassifier -- Converter fitted. Features: 2, Vocabulary: 100
09:24:39.935 [main] INFO sentiment.models.SVMClassifier -- Step 3/3: Training SVM classifier
09:24:39.935 [main] INFO sentiment.models.SVMClassifier -- Dataset: 10 instances, 2 features, 2 classes
09:24:39.935 [main] INFO sentiment.models.SVMClassifier --   positive: 5 (50.0%)
09:24:39.935 [main] INFO sentiment.models.SVMClassifier --   negative: 5 (50.0%)
09:24:39.935 [main] INFO sentiment.models.SVMClassifier -- Hyperparameter tuning DISABLED - using default linear kernel
09:24:39.935 [main] WARN sentiment.models.SVMClassifier -- RECOMMENDATION: Enable hyperparameter tuning for production models
09:24:39.935 [main] INFO sentiment.models.SVMClassifier -- Using default config: C=1.0, Linear Kernel
09:24:39.935 [main] INFO sentiment.models.SVMClassifier -- Training SVM model on 10 instances
09:24:39.935 [main] INFO sentiment.models.SVMClassifier -- SVM model training complete
09:24:39.935 [main] INFO sentiment.models.SVMClassifier -- Training finalized. Model ready. Classes: positive, negative
09:24:39.935 [main] INFO sentiment.models.SVMClassifier -- Pipeline statistics:
09:24:39.935 [main] INFO sentiment.models.SVMClassifier --   - Preprocessor vocabulary: 100 terms
09:24:39.935 [main] INFO sentiment.models.SVMClassifier --   - Converter vocabulary:    100 terms
09:24:39.935 [main] INFO sentiment.models.SVMClassifier --   - Feature selection ratio: 100.0%
09:24:39.935 [main] INFO sentiment.models.SVMClassifier --   - Feature count:           2 features
09:24:39.935 [main] INFO sentiment.models.SVMClassifier --   - Training instances:      0
09:24:39.935 [main] INFO sentiment.models.SVMClassifier -- SVM training complete. Pipeline ready for inference.
09:24:39.935 [main] INFO sentiment.models.SVMClassifier -- TRAINING completed successfully in 1ms. State: TRAINING -> READY. NOW THREAD-SAFE for concurrent inference.
09:24:39.935 [main] INFO sentiment.models.BatchPredictor -- Created BatchPredictor with parallel processing: 8 threads
09:24:39.935 [main] INFO sentiment.models.BatchPredictor -- Batch configuration: BatchOptimizationConfig{batchSize=100, parallelThreshold=500, enableParallel=true, enableMetrics=true, threadPoolSize=8}
09:24:39.935 [main] INFO sentiment.models.BatchPredictor -- Batch classifying 50 texts (config: BatchOptimizationConfig{batchSize=100, parallelThreshold=500, enableParallel=true, enableMetrics=true, threadPoolSize=8})
09:24:39.938 [main] INFO sentiment.models.BatchPredictor -- Batch classification complete: BatchMetrics{items=50/50, time=3ms, throughput=16666.7 items/sec}
]]></system-out>
  </testcase>
  <testcase name="testMetricsDisabled" classname="sentiment.models.SVMBatchPredictorOptimizationTest" time="0.004">
    <system-out><![CDATA[09:24:39.940 [main] INFO sentiment.models.SVMClassifier -- Created BasicSVMClassifier with custom SMO
09:24:39.940 [main] INFO sentiment.models.SVMClassifier -- Starting TRAINING phase on 2 samples. State: UNINITIALIZED: Component not initialized -> TRAINING
09:24:39.940 [main] INFO sentiment.models.SVMClassifier -- Training SVM on 2 raw datasets with full pipeline
09:24:39.940 [main] INFO sentiment.models.SVMClassifier -- Step 1/3: Fitting preprocessing pipeline
09:24:39.940 [main] INFO sentiment.models.SVMClassifier -- Preprocessor fitted. Vocabulary: 100
09:24:39.940 [main] INFO sentiment.models.SVMClassifier -- Step 2/3: Fitting feature extraction
09:24:39.940 [main] INFO sentiment.models.SVMClassifier -- Converter fitted. Features: 2, Vocabulary: 100
09:24:39.940 [main] INFO sentiment.models.SVMClassifier -- Step 3/3: Training SVM classifier
09:24:39.940 [main] INFO sentiment.models.SVMClassifier -- Dataset: 10 instances, 2 features, 2 classes
09:24:39.940 [main] INFO sentiment.models.SVMClassifier --   positive: 5 (50.0%)
09:24:39.940 [main] INFO sentiment.models.SVMClassifier --   negative: 5 (50.0%)
09:24:39.940 [main] INFO sentiment.models.SVMClassifier -- Hyperparameter tuning DISABLED - using default linear kernel
09:24:39.940 [main] WARN sentiment.models.SVMClassifier -- RECOMMENDATION: Enable hyperparameter tuning for production models
09:24:39.940 [main] INFO sentiment.models.SVMClassifier -- Using default config: C=1.0, Linear Kernel
09:24:39.940 [main] INFO sentiment.models.SVMClassifier -- Training SVM model on 10 instances
09:24:39.940 [main] INFO sentiment.models.SVMClassifier -- SVM model training complete
09:24:39.941 [main] INFO sentiment.models.SVMClassifier -- Training finalized. Model ready. Classes: positive, negative
09:24:39.941 [main] INFO sentiment.models.SVMClassifier -- Pipeline statistics:
09:24:39.941 [main] INFO sentiment.models.SVMClassifier --   - Preprocessor vocabulary: 100 terms
09:24:39.941 [main] INFO sentiment.models.SVMClassifier --   - Converter vocabulary:    100 terms
09:24:39.941 [main] INFO sentiment.models.SVMClassifier --   - Feature selection ratio: 100.0%
09:24:39.941 [main] INFO sentiment.models.SVMClassifier --   - Feature count:           2 features
09:24:39.941 [main] INFO sentiment.models.SVMClassifier --   - Training instances:      0
09:24:39.941 [main] INFO sentiment.models.SVMClassifier -- SVM training complete. Pipeline ready for inference.
09:24:39.941 [main] INFO sentiment.models.SVMClassifier -- TRAINING completed successfully in 1ms. State: TRAINING -> READY. NOW THREAD-SAFE for concurrent inference.
09:24:39.941 [main] INFO sentiment.models.BatchPredictor -- Created BatchPredictor with sequential processing
09:24:39.941 [main] INFO sentiment.models.BatchPredictor -- Batch configuration: BatchOptimizationConfig{batchSize=10, parallelThreshold=500, enableParallel=false, enableMetrics=false, threadPoolSize=8}
09:24:39.941 [main] INFO sentiment.models.BatchPredictor -- Batch classifying 15 texts (config: BatchOptimizationConfig{batchSize=10, parallelThreshold=500, enableParallel=false, enableMetrics=false, threadPoolSize=8})
]]></system-out>
  </testcase>
  <testcase name="testProcessingErrorHandling" classname="sentiment.models.SVMBatchPredictorOptimizationTest" time="0.004">
    <system-out><![CDATA[09:24:39.944 [main] INFO sentiment.models.SVMClassifier -- Created BasicSVMClassifier with custom SMO
09:24:39.944 [main] INFO sentiment.models.SVMClassifier -- Starting TRAINING phase on 2 samples. State: UNINITIALIZED: Component not initialized -> TRAINING
09:24:39.944 [main] INFO sentiment.models.SVMClassifier -- Training SVM on 2 raw datasets with full pipeline
09:24:39.944 [main] INFO sentiment.models.SVMClassifier -- Step 1/3: Fitting preprocessing pipeline
09:24:39.944 [main] INFO sentiment.models.SVMClassifier -- Preprocessor fitted. Vocabulary: 100
09:24:39.944 [main] INFO sentiment.models.SVMClassifier -- Step 2/3: Fitting feature extraction
09:24:39.944 [main] INFO sentiment.models.SVMClassifier -- Converter fitted. Features: 2, Vocabulary: 100
09:24:39.944 [main] INFO sentiment.models.SVMClassifier -- Step 3/3: Training SVM classifier
09:24:39.944 [main] INFO sentiment.models.SVMClassifier -- Dataset: 10 instances, 2 features, 2 classes
09:24:39.944 [main] INFO sentiment.models.SVMClassifier --   positive: 5 (50.0%)
09:24:39.944 [main] INFO sentiment.models.SVMClassifier --   negative: 5 (50.0%)
09:24:39.944 [main] INFO sentiment.models.SVMClassifier -- Hyperparameter tuning DISABLED - using default linear kernel
09:24:39.944 [main] WARN sentiment.models.SVMClassifier -- RECOMMENDATION: Enable hyperparameter tuning for production models
09:24:39.944 [main] INFO sentiment.models.SVMClassifier -- Using default config: C=1.0, Linear Kernel
09:24:39.944 [main] INFO sentiment.models.SVMClassifier -- Training SVM model on 10 instances
09:24:39.945 [main] INFO sentiment.models.SVMClassifier -- SVM model training complete
09:24:39.945 [main] INFO sentiment.models.SVMClassifier -- Training finalized. Model ready. Classes: positive, negative
09:24:39.945 [main] INFO sentiment.models.SVMClassifier -- Pipeline statistics:
09:24:39.945 [main] INFO sentiment.models.SVMClassifier --   - Preprocessor vocabulary: 100 terms
09:24:39.945 [main] INFO sentiment.models.SVMClassifier --   - Converter vocabulary:    100 terms
09:24:39.945 [main] INFO sentiment.models.SVMClassifier --   - Feature selection ratio: 100.0%
09:24:39.945 [main] INFO sentiment.models.SVMClassifier --   - Feature count:           2 features
09:24:39.945 [main] INFO sentiment.models.SVMClassifier --   - Training instances:      0
09:24:39.945 [main] INFO sentiment.models.SVMClassifier -- SVM training complete. Pipeline ready for inference.
09:24:39.945 [main] INFO sentiment.models.SVMClassifier -- TRAINING completed successfully in 1ms. State: TRAINING -> READY. NOW THREAD-SAFE for concurrent inference.
09:24:39.945 [main] INFO sentiment.models.BatchPredictor -- Created BatchPredictor with parallel processing: 8 threads
09:24:39.945 [main] INFO sentiment.models.BatchPredictor -- Batch configuration: BatchOptimizationConfig{batchSize=100, parallelThreshold=500, enableParallel=true, enableMetrics=true, threadPoolSize=8}
09:24:39.946 [main] INFO sentiment.models.BatchPredictor -- Batch classifying 10 texts (config: BatchOptimizationConfig{batchSize=100, parallelThreshold=500, enableParallel=true, enableMetrics=true, threadPoolSize=8})
09:24:39.946 [main] ERROR sentiment.models.SVMClassifier -- Inference failed in state READY: Trained and ready
java.lang.RuntimeException: Processing error
	at sentiment.preprocessing.TextPreprocessor.preprocessText(TextPreprocessor.java:324)
	at sentiment.models.BatchPredictor.preprocessBatch(BatchPredictor.java:467)
	at sentiment.models.BatchPredictor.lambda$classifyBatch$0(BatchPredictor.java:150)
	at sentiment.models.ClassifierTrainingTemplate.lambda$executeInference$0(ClassifierTrainingTemplate.java:855)
	at sentiment.models.ClassifierTrainingTemplate.executeInference(ClassifierTrainingTemplate.java:177)
	at sentiment.models.ClassifierTrainingTemplate.executeInference(ClassifierTrainingTemplate.java:855)
	at sentiment.models.BatchPredictor.classifyBatch(BatchPredictor.java:145)
	at sentiment.models.SVMBatchPredictorOptimizationTest.lambda$testProcessingErrorHandling$0(SVMBatchPredictorOptimizationTest.java:442)
	at org.junit.jupiter.api.AssertThrows.assertThrows(AssertThrows.java:53)
	at org.junit.jupiter.api.AssertThrows.assertThrows(AssertThrows.java:35)
	at org.junit.jupiter.api.Assertions.assertThrows(Assertions.java:3128)
	at sentiment.models.SVMBatchPredictorOptimizationTest.testProcessingErrorHandling(SVMBatchPredictorOptimizationTest.java:441)
	at java.base/jdk.internal.reflect.DirectMethodHandleAccessor.invoke(DirectMethodHandleAccessor.java:104)
	at java.base/java.lang.reflect.Method.invoke(Method.java:565)
	at org.junit.platform.commons.util.ReflectionUtils.invokeMethod(ReflectionUtils.java:767)
	at org.junit.jupiter.engine.execution.MethodInvocation.proceed(MethodInvocation.java:60)
	at org.junit.jupiter.engine.execution.InvocationInterceptorChain$ValidatingInvocation.proceed(InvocationInterceptorChain.java:131)
	at org.junit.jupiter.engine.extension.TimeoutExtension.intercept(TimeoutExtension.java:156)
	at org.junit.jupiter.engine.extension.TimeoutExtension.interceptTestableMethod(TimeoutExtension.java:147)
	at org.junit.jupiter.engine.extension.TimeoutExtension.interceptTestMethod(TimeoutExtension.java:86)
	at org.junit.jupiter.engine.execution.InterceptingExecutableInvoker$ReflectiveInterceptorCall.lambda$ofVoidMethod$0(InterceptingExecutableInvoker.java:103)
	at org.junit.jupiter.engine.execution.InterceptingExecutableInvoker.lambda$invoke$0(InterceptingExecutableInvoker.java:93)
	at org.junit.jupiter.engine.execution.InvocationInterceptorChain$InterceptedInvocation.proceed(InvocationInterceptorChain.java:106)
	at org.junit.jupiter.engine.execution.InvocationInterceptorChain.proceed(InvocationInterceptorChain.java:64)
	at org.junit.jupiter.engine.execution.InvocationInterceptorChain.chainAndInvoke(InvocationInterceptorChain.java:45)
	at org.junit.jupiter.engine.execution.InvocationInterceptorChain.invoke(InvocationInterceptorChain.java:37)
	at org.junit.jupiter.engine.execution.InterceptingExecutableInvoker.invoke(InterceptingExecutableInvoker.java:92)
	at org.junit.jupiter.engine.execution.InterceptingExecutableInvoker.invoke(InterceptingExecutableInvoker.java:86)
	at org.junit.jupiter.engine.descriptor.TestMethodTestDescriptor.lambda$invokeTestMethod$8(TestMethodTestDescriptor.java:217)
	at org.junit.platform.engine.support.hierarchical.ThrowableCollector.execute(ThrowableCollector.java:73)
	at org.junit.jupiter.engine.descriptor.TestMethodTestDescriptor.invokeTestMethod(TestMethodTestDescriptor.java:213)
	at org.junit.jupiter.engine.descriptor.TestMethodTestDescriptor.execute(TestMethodTestDescriptor.java:138)
	at org.junit.jupiter.engine.descriptor.TestMethodTestDescriptor.execute(TestMethodTestDescriptor.java:68)
	at org.junit.platform.engine.support.hierarchical.NodeTestTask.lambda$executeRecursively$6(NodeTestTask.java:156)
	at org.junit.platform.engine.support.hierarchical.ThrowableCollector.execute(ThrowableCollector.java:73)
	at org.junit.platform.engine.support.hierarchical.NodeTestTask.lambda$executeRecursively$8(NodeTestTask.java:146)
	at org.junit.platform.engine.support.hierarchical.Node.around(Node.java:137)
	at org.junit.platform.engine.support.hierarchical.NodeTestTask.lambda$executeRecursively$9(NodeTestTask.java:144)
	at org.junit.platform.engine.support.hierarchical.ThrowableCollector.execute(ThrowableCollector.java:73)
	at org.junit.platform.engine.support.hierarchical.NodeTestTask.executeRecursively(NodeTestTask.java:143)
	at org.junit.platform.engine.support.hierarchical.NodeTestTask.execute(NodeTestTask.java:100)
	at java.base/java.util.ArrayList.forEach(ArrayList.java:1604)
	at org.junit.platform.engine.support.hierarchical.SameThreadHierarchicalTestExecutorService.invokeAll(SameThreadHierarchicalTestExecutorService.java:41)
	at org.junit.platform.engine.support.hierarchical.NodeTestTask.lambda$executeRecursively$6(NodeTestTask.java:160)
	at org.junit.platform.engine.support.hierarchical.ThrowableCollector.execute(ThrowableCollector.java:73)
	at org.junit.platform.engine.support.hierarchical.NodeTestTask.lambda$executeRecursively$8(NodeTestTask.java:146)
	at org.junit.platform.engine.support.hierarchical.Node.around(Node.java:137)
	at org.junit.platform.engine.support.hierarchical.NodeTestTask.lambda$executeRecursively$9(NodeTestTask.java:144)
	at org.junit.platform.engine.support.hierarchical.ThrowableCollector.execute(ThrowableCollector.java:73)
	at org.junit.platform.engine.support.hierarchical.NodeTestTask.executeRecursively(NodeTestTask.java:143)
	at org.junit.platform.engine.support.hierarchical.NodeTestTask.execute(NodeTestTask.java:100)
	at java.base/java.util.ArrayList.forEach(ArrayList.java:1604)
	at org.junit.platform.engine.support.hierarchical.SameThreadHierarchicalTestExecutorService.invokeAll(SameThreadHierarchicalTestExecutorService.java:41)
	at org.junit.platform.engine.support.hierarchical.NodeTestTask.lambda$executeRecursively$6(NodeTestTask.java:160)
	at org.junit.platform.engine.support.hierarchical.ThrowableCollector.execute(ThrowableCollector.java:73)
	at org.junit.platform.engine.support.hierarchical.NodeTestTask.lambda$executeRecursively$8(NodeTestTask.java:146)
	at org.junit.platform.engine.support.hierarchical.Node.around(Node.java:137)
	at org.junit.platform.engine.support.hierarchical.NodeTestTask.lambda$executeRecursively$9(NodeTestTask.java:144)
	at org.junit.platform.engine.support.hierarchical.ThrowableCollector.execute(ThrowableCollector.java:73)
	at org.junit.platform.engine.support.hierarchical.NodeTestTask.executeRecursively(NodeTestTask.java:143)
	at org.junit.platform.engine.support.hierarchical.NodeTestTask.execute(NodeTestTask.java:100)
	at org.junit.platform.engine.support.hierarchical.SameThreadHierarchicalTestExecutorService.submit(SameThreadHierarchicalTestExecutorService.java:35)
	at org.junit.platform.engine.support.hierarchical.HierarchicalTestExecutor.execute(HierarchicalTestExecutor.java:57)
	at org.junit.platform.engine.support.hierarchical.HierarchicalTestEngine.execute(HierarchicalTestEngine.java:54)
	at org.junit.platform.launcher.core.EngineExecutionOrchestrator.execute(EngineExecutionOrchestrator.java:198)
	at org.junit.platform.launcher.core.EngineExecutionOrchestrator.execute(EngineExecutionOrchestrator.java:169)
	at org.junit.platform.launcher.core.EngineExecutionOrchestrator.execute(EngineExecutionOrchestrator.java:93)
	at org.junit.platform.launcher.core.EngineExecutionOrchestrator.lambda$execute$0(EngineExecutionOrchestrator.java:58)
	at org.junit.platform.launcher.core.EngineExecutionOrchestrator.withInterceptedStreams(EngineExecutionOrchestrator.java:141)
	at org.junit.platform.launcher.core.EngineExecutionOrchestrator.execute(EngineExecutionOrchestrator.java:57)
	at org.junit.platform.launcher.core.DefaultLauncher.execute(DefaultLauncher.java:103)
	at org.junit.platform.launcher.core.DefaultLauncher.execute(DefaultLauncher.java:85)
	at org.junit.platform.launcher.core.DelegatingLauncher.execute(DelegatingLauncher.java:47)
	at org.apache.maven.surefire.junitplatform.LazyLauncher.execute(LazyLauncher.java:56)
	at org.apache.maven.surefire.junitplatform.JUnitPlatformProvider.execute(JUnitPlatformProvider.java:184)
	at org.apache.maven.surefire.junitplatform.JUnitPlatformProvider.invokeAllTests(JUnitPlatformProvider.java:148)
	at org.apache.maven.surefire.junitplatform.JUnitPlatformProvider.invoke(JUnitPlatformProvider.java:122)
	at org.apache.maven.surefire.booter.ForkedBooter.runSuitesInProcess(ForkedBooter.java:385)
	at org.apache.maven.surefire.booter.ForkedBooter.execute(ForkedBooter.java:162)
	at org.apache.maven.surefire.booter.ForkedBooter.run(ForkedBooter.java:507)
	at org.apache.maven.surefire.booter.ForkedBooter.main(ForkedBooter.java:495)
09:24:39.947 [main] INFO sentiment.models.BatchPredictor -- Batch classification complete: BatchMetrics{items=0/10, time=1ms, throughput=0.0 items/sec}
]]></system-out>
  </testcase>
  <testcase name="testShutdown" classname="sentiment.models.SVMBatchPredictorOptimizationTest" time="0.016">
    <system-out><![CDATA[09:24:39.948 [main] INFO sentiment.models.SVMClassifier -- Created BasicSVMClassifier with custom SMO
09:24:39.948 [main] INFO sentiment.models.SVMClassifier -- Starting TRAINING phase on 2 samples. State: UNINITIALIZED: Component not initialized -> TRAINING
09:24:39.948 [main] INFO sentiment.models.SVMClassifier -- Training SVM on 2 raw datasets with full pipeline
09:24:39.948 [main] INFO sentiment.models.SVMClassifier -- Step 1/3: Fitting preprocessing pipeline
09:24:39.948 [main] INFO sentiment.models.SVMClassifier -- Preprocessor fitted. Vocabulary: 100
09:24:39.948 [main] INFO sentiment.models.SVMClassifier -- Step 2/3: Fitting feature extraction
09:24:39.949 [main] INFO sentiment.models.SVMClassifier -- Converter fitted. Features: 2, Vocabulary: 100
09:24:39.949 [main] INFO sentiment.models.SVMClassifier -- Step 3/3: Training SVM classifier
09:24:39.949 [main] INFO sentiment.models.SVMClassifier -- Dataset: 10 instances, 2 features, 2 classes
09:24:39.949 [main] INFO sentiment.models.SVMClassifier --   positive: 5 (50.0%)
09:24:39.949 [main] INFO sentiment.models.SVMClassifier --   negative: 5 (50.0%)
09:24:39.949 [main] INFO sentiment.models.SVMClassifier -- Hyperparameter tuning DISABLED - using default linear kernel
09:24:39.949 [main] WARN sentiment.models.SVMClassifier -- RECOMMENDATION: Enable hyperparameter tuning for production models
09:24:39.949 [main] INFO sentiment.models.SVMClassifier -- Using default config: C=1.0, Linear Kernel
09:24:39.949 [main] INFO sentiment.models.SVMClassifier -- Training SVM model on 10 instances
09:24:39.949 [main] INFO sentiment.models.SVMClassifier -- SVM model training complete
09:24:39.949 [main] INFO sentiment.models.SVMClassifier -- Training finalized. Model ready. Classes: positive, negative
09:24:39.949 [main] INFO sentiment.models.SVMClassifier -- Pipeline statistics:
09:24:39.949 [main] INFO sentiment.models.SVMClassifier --   - Preprocessor vocabulary: 100 terms
09:24:39.949 [main] INFO sentiment.models.SVMClassifier --   - Converter vocabulary:    100 terms
09:24:39.949 [main] INFO sentiment.models.SVMClassifier --   - Feature selection ratio: 100.0%
09:24:39.949 [main] INFO sentiment.models.SVMClassifier --   - Feature count:           2 features
09:24:39.949 [main] INFO sentiment.models.SVMClassifier --   - Training instances:      0
09:24:39.949 [main] INFO sentiment.models.SVMClassifier -- SVM training complete. Pipeline ready for inference.
09:24:39.949 [main] INFO sentiment.models.SVMClassifier -- TRAINING completed successfully in 1ms. State: TRAINING -> READY. NOW THREAD-SAFE for concurrent inference.
09:24:39.949 [main] INFO sentiment.models.BatchPredictor -- Created BatchPredictor with parallel processing: 8 threads
09:24:39.949 [main] INFO sentiment.models.BatchPredictor -- Batch configuration: BatchOptimizationConfig{batchSize=200, parallelThreshold=200, enableParallel=true, enableMetrics=true, threadPoolSize=8}
09:24:39.949 [main] INFO sentiment.models.BatchPredictor -- Batch classifying 300 texts (config: BatchOptimizationConfig{batchSize=200, parallelThreshold=200, enableParallel=true, enableMetrics=true, threadPoolSize=8})
09:24:39.963 [main] INFO sentiment.models.BatchPredictor -- Batch classification complete: BatchMetrics{items=300/300, time=14ms, throughput=21428.6 items/sec}
09:24:39.963 [main] INFO sentiment.models.BatchPredictor -- Shutting down batch processing thread pool
]]></system-out>
  </testcase>
  <testcase name="testDefaultConfiguration" classname="sentiment.models.SVMBatchPredictorOptimizationTest" time="0.002">
    <system-out><![CDATA[09:24:39.964 [main] INFO sentiment.models.SVMClassifier -- Created BasicSVMClassifier with custom SMO
09:24:39.965 [main] INFO sentiment.models.SVMClassifier -- Starting TRAINING phase on 2 samples. State: UNINITIALIZED: Component not initialized -> TRAINING
09:24:39.965 [main] INFO sentiment.models.SVMClassifier -- Training SVM on 2 raw datasets with full pipeline
09:24:39.965 [main] INFO sentiment.models.SVMClassifier -- Step 1/3: Fitting preprocessing pipeline
09:24:39.965 [main] INFO sentiment.models.SVMClassifier -- Preprocessor fitted. Vocabulary: 100
09:24:39.965 [main] INFO sentiment.models.SVMClassifier -- Step 2/3: Fitting feature extraction
09:24:39.965 [main] INFO sentiment.models.SVMClassifier -- Converter fitted. Features: 2, Vocabulary: 100
09:24:39.965 [main] INFO sentiment.models.SVMClassifier -- Step 3/3: Training SVM classifier
09:24:39.965 [main] INFO sentiment.models.SVMClassifier -- Dataset: 10 instances, 2 features, 2 classes
09:24:39.965 [main] INFO sentiment.models.SVMClassifier --   positive: 5 (50.0%)
09:24:39.965 [main] INFO sentiment.models.SVMClassifier --   negative: 5 (50.0%)
09:24:39.965 [main] INFO sentiment.models.SVMClassifier -- Hyperparameter tuning DISABLED - using default linear kernel
09:24:39.965 [main] WARN sentiment.models.SVMClassifier -- RECOMMENDATION: Enable hyperparameter tuning for production models
09:24:39.965 [main] INFO sentiment.models.SVMClassifier -- Using default config: C=1.0, Linear Kernel
09:24:39.965 [main] INFO sentiment.models.SVMClassifier -- Training SVM model on 10 instances
09:24:39.965 [main] INFO sentiment.models.SVMClassifier -- SVM model training complete
09:24:39.965 [main] INFO sentiment.models.SVMClassifier -- Training finalized. Model ready. Classes: positive, negative
09:24:39.965 [main] INFO sentiment.models.SVMClassifier -- Pipeline statistics:
09:24:39.965 [main] INFO sentiment.models.SVMClassifier --   - Preprocessor vocabulary: 100 terms
09:24:39.965 [main] INFO sentiment.models.SVMClassifier --   - Converter vocabulary:    100 terms
09:24:39.965 [main] INFO sentiment.models.SVMClassifier --   - Feature selection ratio: 100.0%
09:24:39.965 [main] INFO sentiment.models.SVMClassifier --   - Feature count:           2 features
09:24:39.965 [main] INFO sentiment.models.SVMClassifier --   - Training instances:      0
09:24:39.965 [main] INFO sentiment.models.SVMClassifier -- SVM training complete. Pipeline ready for inference.
09:24:39.965 [main] INFO sentiment.models.SVMClassifier -- TRAINING completed successfully in 0ms. State: TRAINING -> READY. NOW THREAD-SAFE for concurrent inference.
]]></system-out>
  </testcase>
  <testcase name="testCustomConfiguration" classname="sentiment.models.SVMBatchPredictorOptimizationTest" time="0.002">
    <system-out><![CDATA[09:24:39.967 [main] INFO sentiment.models.SVMClassifier -- Created BasicSVMClassifier with custom SMO
09:24:39.967 [main] INFO sentiment.models.SVMClassifier -- Starting TRAINING phase on 2 samples. State: UNINITIALIZED: Component not initialized -> TRAINING
09:24:39.967 [main] INFO sentiment.models.SVMClassifier -- Training SVM on 2 raw datasets with full pipeline
09:24:39.967 [main] INFO sentiment.models.SVMClassifier -- Step 1/3: Fitting preprocessing pipeline
09:24:39.967 [main] INFO sentiment.models.SVMClassifier -- Preprocessor fitted. Vocabulary: 100
09:24:39.967 [main] INFO sentiment.models.SVMClassifier -- Step 2/3: Fitting feature extraction
09:24:39.967 [main] INFO sentiment.models.SVMClassifier -- Converter fitted. Features: 2, Vocabulary: 100
09:24:39.967 [main] INFO sentiment.models.SVMClassifier -- Step 3/3: Training SVM classifier
09:24:39.967 [main] INFO sentiment.models.SVMClassifier -- Dataset: 10 instances, 2 features, 2 classes
09:24:39.967 [main] INFO sentiment.models.SVMClassifier --   positive: 5 (50.0%)
09:24:39.967 [main] INFO sentiment.models.SVMClassifier --   negative: 5 (50.0%)
09:24:39.967 [main] INFO sentiment.models.SVMClassifier -- Hyperparameter tuning DISABLED - using default linear kernel
09:24:39.967 [main] WARN sentiment.models.SVMClassifier -- RECOMMENDATION: Enable hyperparameter tuning for production models
09:24:39.967 [main] INFO sentiment.models.SVMClassifier -- Using default config: C=1.0, Linear Kernel
09:24:39.967 [main] INFO sentiment.models.SVMClassifier -- Training SVM model on 10 instances
09:24:39.967 [main] INFO sentiment.models.SVMClassifier -- SVM model training complete
09:24:39.967 [main] INFO sentiment.models.SVMClassifier -- Training finalized. Model ready. Classes: positive, negative
09:24:39.967 [main] INFO sentiment.models.SVMClassifier -- Pipeline statistics:
09:24:39.967 [main] INFO sentiment.models.SVMClassifier --   - Preprocessor vocabulary: 100 terms
09:24:39.967 [main] INFO sentiment.models.SVMClassifier --   - Converter vocabulary:    100 terms
09:24:39.967 [main] INFO sentiment.models.SVMClassifier --   - Feature selection ratio: 100.0%
09:24:39.967 [main] INFO sentiment.models.SVMClassifier --   - Feature count:           2 features
09:24:39.967 [main] INFO sentiment.models.SVMClassifier --   - Training instances:      0
09:24:39.967 [main] INFO sentiment.models.SVMClassifier -- SVM training complete. Pipeline ready for inference.
09:24:39.967 [main] INFO sentiment.models.SVMClassifier -- TRAINING completed successfully in 0ms. State: TRAINING -> READY. NOW THREAD-SAFE for concurrent inference.
]]></system-out>
  </testcase>
  <testcase name="testMiniBatchCalculation" classname="sentiment.models.SVMBatchPredictorOptimizationTest" time="0.002">
    <system-out><![CDATA[09:24:39.969 [main] INFO sentiment.models.SVMClassifier -- Created BasicSVMClassifier with custom SMO
09:24:39.969 [main] INFO sentiment.models.SVMClassifier -- Starting TRAINING phase on 2 samples. State: UNINITIALIZED: Component not initialized -> TRAINING
09:24:39.969 [main] INFO sentiment.models.SVMClassifier -- Training SVM on 2 raw datasets with full pipeline
09:24:39.969 [main] INFO sentiment.models.SVMClassifier -- Step 1/3: Fitting preprocessing pipeline
09:24:39.969 [main] INFO sentiment.models.SVMClassifier -- Preprocessor fitted. Vocabulary: 100
09:24:39.969 [main] INFO sentiment.models.SVMClassifier -- Step 2/3: Fitting feature extraction
09:24:39.969 [main] INFO sentiment.models.SVMClassifier -- Converter fitted. Features: 2, Vocabulary: 100
09:24:39.969 [main] INFO sentiment.models.SVMClassifier -- Step 3/3: Training SVM classifier
09:24:39.969 [main] INFO sentiment.models.SVMClassifier -- Dataset: 10 instances, 2 features, 2 classes
09:24:39.969 [main] INFO sentiment.models.SVMClassifier --   positive: 5 (50.0%)
09:24:39.969 [main] INFO sentiment.models.SVMClassifier --   negative: 5 (50.0%)
09:24:39.969 [main] INFO sentiment.models.SVMClassifier -- Hyperparameter tuning DISABLED - using default linear kernel
09:24:39.969 [main] WARN sentiment.models.SVMClassifier -- RECOMMENDATION: Enable hyperparameter tuning for production models
09:24:39.969 [main] INFO sentiment.models.SVMClassifier -- Using default config: C=1.0, Linear Kernel
09:24:39.969 [main] INFO sentiment.models.SVMClassifier -- Training SVM model on 10 instances
09:24:39.969 [main] INFO sentiment.models.SVMClassifier -- SVM model training complete
09:24:39.969 [main] INFO sentiment.models.SVMClassifier -- Training finalized. Model ready. Classes: positive, negative
09:24:39.970 [main] INFO sentiment.models.SVMClassifier -- Pipeline statistics:
09:24:39.970 [main] INFO sentiment.models.SVMClassifier --   - Preprocessor vocabulary: 100 terms
09:24:39.970 [main] INFO sentiment.models.SVMClassifier --   - Converter vocabulary:    100 terms
09:24:39.970 [main] INFO sentiment.models.SVMClassifier --   - Feature selection ratio: 100.0%
09:24:39.970 [main] INFO sentiment.models.SVMClassifier --   - Feature count:           2 features
09:24:39.970 [main] INFO sentiment.models.SVMClassifier --   - Training instances:      0
09:24:39.970 [main] INFO sentiment.models.SVMClassifier -- SVM training complete. Pipeline ready for inference.
09:24:39.970 [main] INFO sentiment.models.SVMClassifier -- TRAINING completed successfully in 1ms. State: TRAINING -> READY. NOW THREAD-SAFE for concurrent inference.
]]></system-out>
  </testcase>
  <testcase name="testResultOrderPreservation" classname="sentiment.models.SVMBatchPredictorOptimizationTest" time="0.005">
    <system-out><![CDATA[09:24:39.971 [main] INFO sentiment.models.SVMClassifier -- Created BasicSVMClassifier with custom SMO
09:24:39.971 [main] INFO sentiment.models.SVMClassifier -- Starting TRAINING phase on 2 samples. State: UNINITIALIZED: Component not initialized -> TRAINING
09:24:39.971 [main] INFO sentiment.models.SVMClassifier -- Training SVM on 2 raw datasets with full pipeline
09:24:39.971 [main] INFO sentiment.models.SVMClassifier -- Step 1/3: Fitting preprocessing pipeline
09:24:39.971 [main] INFO sentiment.models.SVMClassifier -- Preprocessor fitted. Vocabulary: 100
09:24:39.971 [main] INFO sentiment.models.SVMClassifier -- Step 2/3: Fitting feature extraction
09:24:39.971 [main] INFO sentiment.models.SVMClassifier -- Converter fitted. Features: 2, Vocabulary: 100
09:24:39.971 [main] INFO sentiment.models.SVMClassifier -- Step 3/3: Training SVM classifier
09:24:39.971 [main] INFO sentiment.models.SVMClassifier -- Dataset: 10 instances, 2 features, 2 classes
09:24:39.971 [main] INFO sentiment.models.SVMClassifier --   positive: 5 (50.0%)
09:24:39.971 [main] INFO sentiment.models.SVMClassifier --   negative: 5 (50.0%)
09:24:39.971 [main] INFO sentiment.models.SVMClassifier -- Hyperparameter tuning DISABLED - using default linear kernel
09:24:39.972 [main] WARN sentiment.models.SVMClassifier -- RECOMMENDATION: Enable hyperparameter tuning for production models
09:24:39.972 [main] INFO sentiment.models.SVMClassifier -- Using default config: C=1.0, Linear Kernel
09:24:39.972 [main] INFO sentiment.models.SVMClassifier -- Training SVM model on 10 instances
09:24:39.972 [main] INFO sentiment.models.SVMClassifier -- SVM model training complete
09:24:39.972 [main] INFO sentiment.models.SVMClassifier -- Training finalized. Model ready. Classes: positive, negative
09:24:39.972 [main] INFO sentiment.models.SVMClassifier -- Pipeline statistics:
09:24:39.972 [main] INFO sentiment.models.SVMClassifier --   - Preprocessor vocabulary: 100 terms
09:24:39.972 [main] INFO sentiment.models.SVMClassifier --   - Converter vocabulary:    100 terms
09:24:39.972 [main] INFO sentiment.models.SVMClassifier --   - Feature selection ratio: 100.0%
09:24:39.972 [main] INFO sentiment.models.SVMClassifier --   - Feature count:           2 features
09:24:39.972 [main] INFO sentiment.models.SVMClassifier --   - Training instances:      0
09:24:39.972 [main] INFO sentiment.models.SVMClassifier -- SVM training complete. Pipeline ready for inference.
09:24:39.972 [main] INFO sentiment.models.SVMClassifier -- TRAINING completed successfully in 1ms. State: TRAINING -> READY. NOW THREAD-SAFE for concurrent inference.
09:24:39.972 [main] INFO sentiment.models.BatchPredictor -- Created BatchPredictor with parallel processing: 8 threads
09:24:39.972 [main] INFO sentiment.models.BatchPredictor -- Batch configuration: BatchOptimizationConfig{batchSize=10, parallelThreshold=20, enableParallel=true, enableMetrics=true, threadPoolSize=8}
09:24:39.973 [main] INFO sentiment.models.BatchPredictor -- Batch classifying 30 texts (config: BatchOptimizationConfig{batchSize=10, parallelThreshold=20, enableParallel=true, enableMetrics=true, threadPoolSize=8})
09:24:39.975 [main] INFO sentiment.models.BatchPredictor -- Batch classification complete: BatchMetrics{items=30/30, time=2ms, throughput=15000.0 items/sec}
09:24:39.975 [main] INFO sentiment.models.BatchPredictor -- Shutting down batch processing thread pool
]]></system-out>
  </testcase>
  <testcase name="testParallelBatchProcessing" classname="sentiment.models.SVMBatchPredictorOptimizationTest" time="0.01">
    <system-out><![CDATA[09:24:39.976 [main] INFO sentiment.models.SVMClassifier -- Created BasicSVMClassifier with custom SMO
09:24:39.976 [main] INFO sentiment.models.SVMClassifier -- Starting TRAINING phase on 2 samples. State: UNINITIALIZED: Component not initialized -> TRAINING
09:24:39.977 [main] INFO sentiment.models.SVMClassifier -- Training SVM on 2 raw datasets with full pipeline
09:24:39.977 [main] INFO sentiment.models.SVMClassifier -- Step 1/3: Fitting preprocessing pipeline
09:24:39.977 [main] INFO sentiment.models.SVMClassifier -- Preprocessor fitted. Vocabulary: 100
09:24:39.977 [main] INFO sentiment.models.SVMClassifier -- Step 2/3: Fitting feature extraction
09:24:39.977 [main] INFO sentiment.models.SVMClassifier -- Converter fitted. Features: 2, Vocabulary: 100
09:24:39.977 [main] INFO sentiment.models.SVMClassifier -- Step 3/3: Training SVM classifier
09:24:39.977 [main] INFO sentiment.models.SVMClassifier -- Dataset: 10 instances, 2 features, 2 classes
09:24:39.977 [main] INFO sentiment.models.SVMClassifier --   positive: 5 (50.0%)
09:24:39.977 [main] INFO sentiment.models.SVMClassifier --   negative: 5 (50.0%)
09:24:39.977 [main] INFO sentiment.models.SVMClassifier -- Hyperparameter tuning DISABLED - using default linear kernel
09:24:39.977 [main] WARN sentiment.models.SVMClassifier -- RECOMMENDATION: Enable hyperparameter tuning for production models
09:24:39.977 [main] INFO sentiment.models.SVMClassifier -- Using default config: C=1.0, Linear Kernel
09:24:39.977 [main] INFO sentiment.models.SVMClassifier -- Training SVM model on 10 instances
09:24:39.977 [main] INFO sentiment.models.SVMClassifier -- SVM model training complete
09:24:39.977 [main] INFO sentiment.models.SVMClassifier -- Training finalized. Model ready. Classes: positive, negative
09:24:39.977 [main] INFO sentiment.models.SVMClassifier -- Pipeline statistics:
09:24:39.977 [main] INFO sentiment.models.SVMClassifier --   - Preprocessor vocabulary: 100 terms
09:24:39.977 [main] INFO sentiment.models.SVMClassifier --   - Converter vocabulary:    100 terms
09:24:39.977 [main] INFO sentiment.models.SVMClassifier --   - Feature selection ratio: 100.0%
09:24:39.977 [main] INFO sentiment.models.SVMClassifier --   - Feature count:           2 features
09:24:39.977 [main] INFO sentiment.models.SVMClassifier --   - Training instances:      0
09:24:39.977 [main] INFO sentiment.models.SVMClassifier -- SVM training complete. Pipeline ready for inference.
09:24:39.977 [main] INFO sentiment.models.SVMClassifier -- TRAINING completed successfully in 0ms. State: TRAINING -> READY. NOW THREAD-SAFE for concurrent inference.
09:24:39.977 [main] INFO sentiment.models.BatchPredictor -- Created BatchPredictor with parallel processing: 2 threads
09:24:39.977 [main] INFO sentiment.models.BatchPredictor -- Batch configuration: BatchOptimizationConfig{batchSize=50, parallelThreshold=100, enableParallel=true, enableMetrics=true, threadPoolSize=2}
09:24:39.978 [main] INFO sentiment.models.BatchPredictor -- Batch classifying 150 texts (config: BatchOptimizationConfig{batchSize=50, parallelThreshold=100, enableParallel=true, enableMetrics=true, threadPoolSize=2})
09:24:39.984 [main] INFO sentiment.models.BatchPredictor -- Batch classification complete: BatchMetrics{items=150/150, time=6ms, throughput=25000.0 items/sec}
09:24:39.985 [main] INFO sentiment.models.BatchPredictor -- Shutting down batch processing thread pool
]]></system-out>
  </testcase>
  <testcase name="testConfigurationValidation" classname="sentiment.models.SVMBatchPredictorOptimizationTest" time="0.003">
    <system-out><![CDATA[09:24:39.986 [main] INFO sentiment.models.SVMClassifier -- Created BasicSVMClassifier with custom SMO
09:24:39.987 [main] INFO sentiment.models.SVMClassifier -- Starting TRAINING phase on 2 samples. State: UNINITIALIZED: Component not initialized -> TRAINING
09:24:39.987 [main] INFO sentiment.models.SVMClassifier -- Training SVM on 2 raw datasets with full pipeline
09:24:39.987 [main] INFO sentiment.models.SVMClassifier -- Step 1/3: Fitting preprocessing pipeline
09:24:39.987 [main] INFO sentiment.models.SVMClassifier -- Preprocessor fitted. Vocabulary: 100
09:24:39.987 [main] INFO sentiment.models.SVMClassifier -- Step 2/3: Fitting feature extraction
09:24:39.987 [main] INFO sentiment.models.SVMClassifier -- Converter fitted. Features: 2, Vocabulary: 100
09:24:39.987 [main] INFO sentiment.models.SVMClassifier -- Step 3/3: Training SVM classifier
09:24:39.987 [main] INFO sentiment.models.SVMClassifier -- Dataset: 10 instances, 2 features, 2 classes
09:24:39.987 [main] INFO sentiment.models.SVMClassifier --   positive: 5 (50.0%)
09:24:39.987 [main] INFO sentiment.models.SVMClassifier --   negative: 5 (50.0%)
09:24:39.987 [main] INFO sentiment.models.SVMClassifier -- Hyperparameter tuning DISABLED - using default linear kernel
09:24:39.987 [main] WARN sentiment.models.SVMClassifier -- RECOMMENDATION: Enable hyperparameter tuning for production models
09:24:39.987 [main] INFO sentiment.models.SVMClassifier -- Using default config: C=1.0, Linear Kernel
09:24:39.987 [main] INFO sentiment.models.SVMClassifier -- Training SVM model on 10 instances
09:24:39.987 [main] INFO sentiment.models.SVMClassifier -- SVM model training complete
09:24:39.987 [main] INFO sentiment.models.SVMClassifier -- Training finalized. Model ready. Classes: positive, negative
09:24:39.987 [main] INFO sentiment.models.SVMClassifier -- Pipeline statistics:
09:24:39.987 [main] INFO sentiment.models.SVMClassifier --   - Preprocessor vocabulary: 100 terms
09:24:39.987 [main] INFO sentiment.models.SVMClassifier --   - Converter vocabulary:    100 terms
09:24:39.987 [main] INFO sentiment.models.SVMClassifier --   - Feature selection ratio: 100.0%
09:24:39.987 [main] INFO sentiment.models.SVMClassifier --   - Feature count:           2 features
09:24:39.987 [main] INFO sentiment.models.SVMClassifier --   - Training instances:      0
09:24:39.987 [main] INFO sentiment.models.SVMClassifier -- SVM training complete. Pipeline ready for inference.
09:24:39.987 [main] INFO sentiment.models.SVMClassifier -- TRAINING completed successfully in 0ms. State: TRAINING -> READY. NOW THREAD-SAFE for concurrent inference.
]]></system-out>
  </testcase>
  <testcase name="testHighThroughputConfiguration" classname="sentiment.models.SVMBatchPredictorOptimizationTest" time="0.002">
    <system-out><![CDATA[09:24:39.989 [main] INFO sentiment.models.SVMClassifier -- Created BasicSVMClassifier with custom SMO
09:24:39.989 [main] INFO sentiment.models.SVMClassifier -- Starting TRAINING phase on 2 samples. State: UNINITIALIZED: Component not initialized -> TRAINING
09:24:39.989 [main] INFO sentiment.models.SVMClassifier -- Training SVM on 2 raw datasets with full pipeline
09:24:39.989 [main] INFO sentiment.models.SVMClassifier -- Step 1/3: Fitting preprocessing pipeline
09:24:39.989 [main] INFO sentiment.models.SVMClassifier -- Preprocessor fitted. Vocabulary: 100
09:24:39.989 [main] INFO sentiment.models.SVMClassifier -- Step 2/3: Fitting feature extraction
09:24:39.989 [main] INFO sentiment.models.SVMClassifier -- Converter fitted. Features: 2, Vocabulary: 100
09:24:39.989 [main] INFO sentiment.models.SVMClassifier -- Step 3/3: Training SVM classifier
09:24:39.989 [main] INFO sentiment.models.SVMClassifier -- Dataset: 10 instances, 2 features, 2 classes
09:24:39.989 [main] INFO sentiment.models.SVMClassifier --   positive: 5 (50.0%)
09:24:39.989 [main] INFO sentiment.models.SVMClassifier --   negative: 5 (50.0%)
09:24:39.989 [main] INFO sentiment.models.SVMClassifier -- Hyperparameter tuning DISABLED - using default linear kernel
09:24:39.989 [main] WARN sentiment.models.SVMClassifier -- RECOMMENDATION: Enable hyperparameter tuning for production models
09:24:39.989 [main] INFO sentiment.models.SVMClassifier -- Using default config: C=1.0, Linear Kernel
09:24:39.989 [main] INFO sentiment.models.SVMClassifier -- Training SVM model on 10 instances
09:24:39.989 [main] INFO sentiment.models.SVMClassifier -- SVM model training complete
09:24:39.989 [main] INFO sentiment.models.SVMClassifier -- Training finalized. Model ready. Classes: positive, negative
09:24:39.989 [main] INFO sentiment.models.SVMClassifier -- Pipeline statistics:
09:24:39.989 [main] INFO sentiment.models.SVMClassifier --   - Preprocessor vocabulary: 100 terms
09:24:39.989 [main] INFO sentiment.models.SVMClassifier --   - Converter vocabulary:    100 terms
09:24:39.989 [main] INFO sentiment.models.SVMClassifier --   - Feature selection ratio: 100.0%
09:24:39.989 [main] INFO sentiment.models.SVMClassifier --   - Feature count:           2 features
09:24:39.989 [main] INFO sentiment.models.SVMClassifier --   - Training instances:      0
09:24:39.989 [main] INFO sentiment.models.SVMClassifier -- SVM training complete. Pipeline ready for inference.
09:24:39.989 [main] INFO sentiment.models.SVMClassifier -- TRAINING completed successfully in 0ms. State: TRAINING -> READY. NOW THREAD-SAFE for concurrent inference.
]]></system-out>
  </testcase>
</testsuite>